# JRE version: OpenJDK Runtime Environment (11.0.10) (build 11.0.10+0-b96-7249189)
# Java VM: OpenJDK 64-Bit Server VM (11.0.10+0-b96-7249189, mixed mode, tiered, compressed oops, g1 gc, windows-amd64)
Heap:
 garbage-first heap   total 315392K, used 37658K [0x0000000701000000, 0x0000000800000000)
  region size 1024K, 10 young (10240K), 10 survivors (10240K)
 Metaspace       used 47801K, capacity 48323K, committed 48512K, reserved 1091584K
  class space    used 5572K, capacity 5756K, committed 5760K, reserved 1048576K
GC Heap History (9 events):
Event: 0.462 GC heap before
{Heap before GC invocations=0 (full 0):
 garbage-first heap   total 262144K, used 17408K [0x0000000701000000, 0x0000000800000000)
  region size 1024K, 14 young (14336K), 0 survivors (0K)
 Metaspace       used 9753K, capacity 9871K, committed 10112K, reserved 1058816K
  class space    used 834K, capacity 884K, committed 896K, reserved 1048576K
}
Event: 0.464 GC heap after
{Heap after GC invocations=1 (full 0):
 garbage-first heap   total 262144K, used 5173K [0x0000000701000000, 0x0000000800000000)
  region size 1024K, 2 young (2048K), 2 survivors (2048K)
 Metaspace       used 9753K, capacity 9871K, committed 10112K, reserved 1058816K
  class space    used 834K, capacity 884K, committed 896K, reserved 1048576K
}
Event: 1.229 GC heap before
{Heap before GC invocations=1 (full 0):
 garbage-first heap   total 262144K, used 51253K [0x0000000701000000, 0x0000000800000000)
  region size 1024K, 48 young (49152K), 2 survivors (2048K)
 Metaspace       used 20908K, capacity 21150K, committed 21248K, reserved 1069056K
  class space    used 2194K, capacity 2257K, committed 2304K, reserved 1048576K
}
Event: 1.240 GC heap after
{Heap after GC invocations=2 (full 0):
 garbage-first heap   total 262144K, used 9666K [0x0000000701000000, 0x0000000800000000)
  region size 1024K, 7 young (7168K), 7 survivors (7168K)
 Metaspace       used 20908K, capacity 21150K, committed 21248K, reserved 1069056K
  class space    used 2194K, capacity 2257K, committed 2304K, reserved 1048576K
}
Event: 2.157 GC heap before
{Heap before GC invocations=3 (full 0):
 garbage-first heap   total 262144K, used 68034K [0x0000000701000000, 0x0000000800000000)
  region size 1024K, 56 young (57344K), 7 survivors (7168K)
 Metaspace       used 30996K, capacity 31453K, committed 31744K, reserved 1077248K
  class space    used 3635K, capacity 3810K, committed 3840K, reserved 1048576K
}
Event: 2.170 GC heap after
{Heap after GC invocations=4 (full 0):
 garbage-first heap   total 262144K, used 24223K [0x0000000701000000, 0x0000000800000000)
  region size 1024K, 7 young (7168K), 7 survivors (7168K)
 Metaspace       used 30996K, capacity 31453K, committed 31744K, reserved 1077248K
  class space    used 3635K, capacity 3810K, committed 3840K, reserved 1048576K
}
Event: 2.575 GC heap before
{Heap before GC invocations=4 (full 0):
 garbage-first heap   total 262144K, used 52895K [0x0000000701000000, 0x0000000800000000)
  region size 1024K, 32 young (32768K), 7 survivors (7168K)
 Metaspace       used 35067K, capacity 35597K, committed 35840K, reserved 1081344K
  class space    used 4272K, capacity 4485K, committed 4608K, reserved 1048576K
}
Event: 2.593 GC heap after
{Heap after GC invocations=5 (full 0):
 garbage-first heap   total 262144K, used 27991K [0x0000000701000000, 0x0000000800000000)
  region size 1024K, 4 young (4096K), 4 survivors (4096K)
 Metaspace       used 35067K, capacity 35597K, committed 35840K, reserved 1081344K
  class space    used 4272K, capacity 4485K, committed 4608K, reserved 1048576K
}
Event: 3.889 GC heap before
{Heap before GC invocations=6 (full 0):
 garbage-first heap   total 262144K, used 107863K [0x0000000701000000, 0x0000000800000000)
  region size 1024K, 79 young (80896K), 4 survivors (4096K)
 Metaspace       used 47801K, capacity 48323K, committed 48512K, reserved 1091584K
  class space    used 5572K, capacity 5756K, committed 5760K, reserved 1048576K
}

