# JRE version: OpenJDK Runtime Environment (11.0.10) (build 11.0.10+0-b96-7249189)
# Java VM: OpenJDK 64-Bit Server VM (11.0.10+0-b96-7249189, mixed mode, tiered, compressed oops, g1 gc, windows-amd64)
Heap:
 garbage-first heap   total 458752K, used 376258K [0x0000000080000000, 0x0000000100000000)
  region size 1024K, 117 young (119808K), 1 survivors (1024K)
 Metaspace       used 215022K, capacity 221724K, committed 221952K, reserved 1243136K
  class space    used 26210K, capacity 28611K, committed 28672K, reserved 1048576K
GC Heap History (20 events):
Event: 10763.872 GC heap before
{Heap before GC invocations=213 (full 0):
 garbage-first heap   total 458752K, used 276196K [0x0000000080000000, 0x0000000100000000)
  region size 1024K, 22 young (22528K), 3 survivors (3072K)
 Metaspace       used 214907K, capacity 221610K, committed 221696K, reserved 1243136K
  class space    used 26199K, capacity 28594K, committed 28672K, reserved 1048576K
}
Event: 10763.879 GC heap after
{Heap after GC invocations=214 (full 0):
 garbage-first heap   total 458752K, used 255196K [0x0000000080000000, 0x0000000100000000)
  region size 1024K, 2 young (2048K), 2 survivors (2048K)
 Metaspace       used 214907K, capacity 221610K, committed 221696K, reserved 1243136K
  class space    used 26199K, capacity 28594K, committed 28672K, reserved 1048576K
}
Event: 10764.283 GC heap before
{Heap before GC invocations=214 (full 0):
 garbage-first heap   total 458752K, used 388316K [0x0000000080000000, 0x0000000100000000)
  region size 1024K, 132 young (135168K), 2 survivors (2048K)
 Metaspace       used 214944K, capacity 221620K, committed 221696K, reserved 1243136K
  class space    used 26201K, capacity 28597K, committed 28672K, reserved 1048576K
}
Event: 10764.289 GC heap after
{Heap after GC invocations=215 (full 0):
 garbage-first heap   total 458752K, used 256409K [0x0000000080000000, 0x0000000100000000)
  region size 1024K, 3 young (3072K), 3 survivors (3072K)
 Metaspace       used 214944K, capacity 221620K, committed 221696K, reserved 1243136K
  class space    used 26201K, capacity 28597K, committed 28672K, reserved 1048576K
}
Event: 10765.409 GC heap before
{Heap before GC invocations=216 (full 0):
 garbage-first heap   total 458752K, used 390553K [0x0000000080000000, 0x0000000100000000)
  region size 1024K, 134 young (137216K), 3 survivors (3072K)
 Metaspace       used 214961K, capacity 221634K, committed 221952K, reserved 1243136K
  class space    used 26205K, capacity 28602K, committed 28672K, reserved 1048576K
}
Event: 10765.420 GC heap after
{Heap after GC invocations=217 (full 0):
 garbage-first heap   total 458752K, used 258106K [0x0000000080000000, 0x0000000100000000)
  region size 1024K, 4 young (4096K), 4 survivors (4096K)
 Metaspace       used 214961K, capacity 221634K, committed 221952K, reserved 1243136K
  class space    used 26205K, capacity 28602K, committed 28672K, reserved 1048576K
}
Event: 10765.481 GC heap before
{Heap before GC invocations=217 (full 0):
 garbage-first heap   total 458752K, used 276538K [0x0000000080000000, 0x0000000100000000)
  region size 1024K, 22 young (22528K), 4 survivors (4096K)
 Metaspace       used 214962K, capacity 221634K, committed 221952K, reserved 1243136K
  class space    used 26205K, capacity 28602K, committed 28672K, reserved 1048576K
}
Event: 10765.492 GC heap after
{Heap after GC invocations=218 (full 0):
 garbage-first heap   total 458752K, used 256618K [0x0000000080000000, 0x0000000100000000)
  region size 1024K, 1 young (1024K), 1 survivors (1024K)
 Metaspace       used 214962K, capacity 221634K, committed 221952K, reserved 1243136K
  class space    used 26205K, capacity 28602K, committed 28672K, reserved 1048576K
}
Event: 10766.678 GC heap before
{Heap before GC invocations=218 (full 0):
 garbage-first heap   total 458752K, used 393834K [0x0000000080000000, 0x0000000100000000)
  region size 1024K, 135 young (138240K), 1 survivors (1024K)
 Metaspace       used 214988K, capacity 221698K, committed 221952K, reserved 1243136K
  class space    used 26205K, capacity 28602K, committed 28672K, reserved 1048576K
}
Event: 10766.684 GC heap after
{Heap after GC invocations=219 (full 0):
 garbage-first heap   total 458752K, used 258460K [0x0000000080000000, 0x0000000100000000)
  region size 1024K, 3 young (3072K), 3 survivors (3072K)
 Metaspace       used 214988K, capacity 221698K, committed 221952K, reserved 1243136K
  class space    used 26205K, capacity 28602K, committed 28672K, reserved 1048576K
}
Event: 10767.354 GC heap before
{Heap before GC invocations=220 (full 0):
 garbage-first heap   total 458752K, used 395676K [0x0000000080000000, 0x0000000100000000)
  region size 1024K, 137 young (140288K), 3 survivors (3072K)
 Metaspace       used 215000K, capacity 221709K, committed 221952K, reserved 1243136K
  class space    used 26207K, capacity 28606K, committed 28672K, reserved 1048576K
}
Event: 10767.364 GC heap after
{Heap after GC invocations=221 (full 0):
 garbage-first heap   total 458752K, used 261460K [0x0000000080000000, 0x0000000100000000)
  region size 1024K, 6 young (6144K), 6 survivors (6144K)
 Metaspace       used 215000K, capacity 221709K, committed 221952K, reserved 1243136K
  class space    used 26207K, capacity 28606K, committed 28672K, reserved 1048576K
}
Event: 10767.392 GC heap before
{Heap before GC invocations=221 (full 0):
 garbage-first heap   total 458752K, used 277844K [0x0000000080000000, 0x0000000100000000)
  region size 1024K, 22 young (22528K), 6 survivors (6144K)
 Metaspace       used 215008K, capacity 221720K, committed 221952K, reserved 1243136K
  class space    used 26209K, capacity 28610K, committed 28672K, reserved 1048576K
}
Event: 10767.403 GC heap after
{Heap after GC invocations=222 (full 0):
 garbage-first heap   total 458752K, used 257727K [0x0000000080000000, 0x0000000100000000)
  region size 1024K, 1 young (1024K), 1 survivors (1024K)
 Metaspace       used 215008K, capacity 221720K, committed 221952K, reserved 1243136K
  class space    used 26209K, capacity 28610K, committed 28672K, reserved 1048576K
}
Event: 10767.896 GC heap before
{Heap before GC invocations=222 (full 0):
 garbage-first heap   total 458752K, used 395967K [0x0000000080000000, 0x0000000100000000)
  region size 1024K, 136 young (139264K), 1 survivors (1024K)
 Metaspace       used 215012K, capacity 221721K, committed 221952K, reserved 1243136K
  class space    used 26209K, capacity 28610K, committed 28672K, reserved 1048576K
}
Event: 10767.904 GC heap after
{Heap after GC invocations=223 (full 0):
 garbage-first heap   total 458752K, used 259708K [0x0000000080000000, 0x0000000100000000)
  region size 1024K, 3 young (3072K), 3 survivors (3072K)
 Metaspace       used 215012K, capacity 221721K, committed 221952K, reserved 1243136K
  class space    used 26209K, capacity 28610K, committed 28672K, reserved 1048576K
}
Event: 10768.633 GC heap before
{Heap before GC invocations=224 (full 0):
 garbage-first heap   total 458752K, used 397948K [0x0000000080000000, 0x0000000100000000)
  region size 1024K, 138 young (141312K), 3 survivors (3072K)
 Metaspace       used 215019K, capacity 221721K, committed 221952K, reserved 1243136K
  class space    used 26209K, capacity 28610K, committed 28672K, reserved 1048576K
}
Event: 10768.644 GC heap after
{Heap after GC invocations=225 (full 0):
 garbage-first heap   total 458752K, used 260607K [0x0000000080000000, 0x0000000100000000)
  region size 1024K, 4 young (4096K), 4 survivors (4096K)
 Metaspace       used 215019K, capacity 221721K, committed 221952K, reserved 1243136K
  class space    used 26209K, capacity 28610K, committed 28672K, reserved 1048576K
}
Event: 10768.693 GC heap before
{Heap before GC invocations=225 (full 0):
 garbage-first heap   total 458752K, used 279039K [0x0000000080000000, 0x0000000100000000)
  region size 1024K, 22 young (22528K), 4 survivors (4096K)
 Metaspace       used 215019K, capacity 221721K, committed 221952K, reserved 1243136K
  class space    used 26209K, capacity 28610K, committed 28672K, reserved 1048576K
}
Event: 10768.702 GC heap after
{Heap after GC invocations=226 (full 0):
 garbage-first heap   total 458752K, used 258498K [0x0000000080000000, 0x0000000100000000)
  region size 1024K, 1 young (1024K), 1 survivors (1024K)
 Metaspace       used 215019K, capacity 221721K, committed 221952K, reserved 1243136K
  class space    used 26209K, capacity 28610K, committed 28672K, reserved 1048576K
}

