# JRE version: OpenJDK Runtime Environment (11.0.10) (build 11.0.10+0-b96-7249189)
# Java VM: OpenJDK 64-Bit Server VM (11.0.10+0-b96-7249189, mixed mode, tiered, compressed oops, g1 gc, windows-amd64)
Heap:
 garbage-first heap   total 270336K, used 160929K [0x0000000080000000, 0x0000000100000000)
  region size 1024K, 6 young (6144K), 2 survivors (2048K)
 Metaspace       used 144748K, capacity 149564K, committed 149888K, reserved 1179648K
  class space    used 18006K, capacity 19726K, committed 19840K, reserved 1048576K
GC Heap History (20 events):
Event: 3722.758 GC heap before
{Heap before GC invocations=87 (full 0):
 garbage-first heap   total 262144K, used 144372K [0x0000000080000000, 0x0000000100000000)
  region size 1024K, 12 young (12288K), 9 survivors (9216K)
 Metaspace       used 133962K, capacity 138146K, committed 138240K, reserved 1169408K
  class space    used 16641K, capacity 18156K, committed 18176K, reserved 1048576K
}
Event: 3722.779 GC heap after
{Heap after GC invocations=88 (full 0):
 garbage-first heap   total 262144K, used 134529K [0x0000000080000000, 0x0000000100000000)
  region size 1024K, 2 young (2048K), 2 survivors (2048K)
 Metaspace       used 133962K, capacity 138146K, committed 138240K, reserved 1169408K
  class space    used 16641K, capacity 18156K, committed 18176K, reserved 1048576K
}
Event: 3725.268 GC heap before
{Heap before GC invocations=88 (full 0):
 garbage-first heap   total 262144K, used 189825K [0x0000000080000000, 0x0000000100000000)
  region size 1024K, 58 young (59392K), 2 survivors (2048K)
 Metaspace       used 133996K, capacity 138148K, committed 138240K, reserved 1169408K
  class space    used 16641K, capacity 18156K, committed 18176K, reserved 1048576K
}
Event: 3725.279 GC heap after
{Heap after GC invocations=89 (full 0):
 garbage-first heap   total 262144K, used 134798K [0x0000000080000000, 0x0000000100000000)
  region size 1024K, 3 young (3072K), 3 survivors (3072K)
 Metaspace       used 133996K, capacity 138148K, committed 138240K, reserved 1169408K
  class space    used 16641K, capacity 18156K, committed 18176K, reserved 1048576K
}
Event: 4205.282 GC heap before
{Heap before GC invocations=90 (full 0):
 garbage-first heap   total 262144K, used 256654K [0x0000000080000000, 0x0000000100000000)
  region size 1024K, 84 young (86016K), 3 survivors (3072K)
 Metaspace       used 135494K, capacity 140023K, committed 140160K, reserved 1171456K
  class space    used 16860K, capacity 18484K, committed 18560K, reserved 1048576K
}
Event: 4205.297 GC heap after
{Heap after GC invocations=91 (full 0):
 garbage-first heap   total 270336K, used 162105K [0x0000000080000000, 0x0000000100000000)
  region size 1024K, 11 young (11264K), 11 survivors (11264K)
 Metaspace       used 135494K, capacity 140023K, committed 140160K, reserved 1171456K
  class space    used 16860K, capacity 18484K, committed 18560K, reserved 1048576K
}
Event: 4205.321 GC heap before
{Heap before GC invocations=91 (full 0):
 garbage-first heap   total 270336K, used 163129K [0x0000000080000000, 0x0000000100000000)
  region size 1024K, 13 young (13312K), 11 survivors (11264K)
 Metaspace       used 135498K, capacity 140023K, committed 140160K, reserved 1171456K
  class space    used 16860K, capacity 18484K, committed 18560K, reserved 1048576K
}
Event: 4205.338 GC heap after
{Heap after GC invocations=92 (full 0):
 garbage-first heap   total 270336K, used 155046K [0x0000000080000000, 0x0000000100000000)
  region size 1024K, 1 young (1024K), 1 survivors (1024K)
 Metaspace       used 135498K, capacity 140023K, committed 140160K, reserved 1171456K
  class space    used 16860K, capacity 18484K, committed 18560K, reserved 1048576K
}
Event: 4208.344 GC heap before
{Heap before GC invocations=92 (full 0):
 garbage-first heap   total 270336K, used 223654K [0x0000000080000000, 0x0000000100000000)
  region size 1024K, 68 young (69632K), 1 survivors (1024K)
 Metaspace       used 139265K, capacity 143913K, committed 144000K, reserved 1173504K
  class space    used 17403K, capacity 19030K, committed 19072K, reserved 1048576K
}
Event: 4208.356 GC heap after
{Heap after GC invocations=93 (full 0):
 garbage-first heap   total 270336K, used 158118K [0x0000000080000000, 0x0000000100000000)
  region size 1024K, 4 young (4096K), 4 survivors (4096K)
 Metaspace       used 139265K, capacity 143913K, committed 144000K, reserved 1173504K
  class space    used 17403K, capacity 19030K, committed 19072K, reserved 1048576K
}
Event: 4209.613 GC heap before
{Heap before GC invocations=94 (full 0):
 garbage-first heap   total 270336K, used 224678K [0x0000000080000000, 0x0000000100000000)
  region size 1024K, 69 young (70656K), 4 survivors (4096K)
 Metaspace       used 142881K, capacity 147590K, committed 147712K, reserved 1177600K
  class space    used 17722K, capacity 19400K, committed 19456K, reserved 1048576K
}
Event: 4209.632 GC heap after
{Heap after GC invocations=95 (full 0):
 garbage-first heap   total 270336K, used 163230K [0x0000000080000000, 0x0000000100000000)
  region size 1024K, 9 young (9216K), 9 survivors (9216K)
 Metaspace       used 142881K, capacity 147590K, committed 147712K, reserved 1177600K
  class space    used 17722K, capacity 19400K, committed 19456K, reserved 1048576K
}
Event: 4209.680 GC heap before
{Heap before GC invocations=95 (full 0):
 garbage-first heap   total 270336K, used 166302K [0x0000000080000000, 0x0000000100000000)
  region size 1024K, 13 young (13312K), 9 survivors (9216K)
 Metaspace       used 142881K, capacity 147590K, committed 147712K, reserved 1177600K
  class space    used 17722K, capacity 19400K, committed 19456K, reserved 1048576K
}
Event: 4209.718 GC heap after
{Heap after GC invocations=96 (full 0):
 garbage-first heap   total 270336K, used 150214K [0x0000000080000000, 0x0000000100000000)
  region size 1024K, 2 young (2048K), 2 survivors (2048K)
 Metaspace       used 142881K, capacity 147590K, committed 147712K, reserved 1177600K
  class space    used 17722K, capacity 19400K, committed 19456K, reserved 1048576K
}
Event: 4212.515 GC heap before
{Heap before GC invocations=96 (full 0):
 garbage-first heap   total 270336K, used 218822K [0x0000000080000000, 0x0000000100000000)
  region size 1024K, 70 young (71680K), 2 survivors (2048K)
 Metaspace       used 143109K, capacity 147866K, committed 147968K, reserved 1177600K
  class space    used 17755K, capacity 19445K, committed 19456K, reserved 1048576K
}
Event: 4212.527 GC heap after
{Heap after GC invocations=97 (full 0):
 garbage-first heap   total 270336K, used 153406K [0x0000000080000000, 0x0000000100000000)
  region size 1024K, 5 young (5120K), 5 survivors (5120K)
 Metaspace       used 143109K, capacity 147866K, committed 147968K, reserved 1177600K
  class space    used 17755K, capacity 19445K, committed 19456K, reserved 1048576K
}
Event: 4214.428 GC heap before
{Heap before GC invocations=98 (full 0):
 garbage-first heap   total 270336K, used 223038K [0x0000000080000000, 0x0000000100000000)
  region size 1024K, 73 young (74752K), 5 survivors (5120K)
 Metaspace       used 144356K, capacity 149198K, committed 149248K, reserved 1179648K
  class space    used 17937K, capacity 19672K, committed 19712K, reserved 1048576K
}
Event: 4214.439 GC heap after
{Heap after GC invocations=99 (full 0):
 garbage-first heap   total 270336K, used 157583K [0x0000000080000000, 0x0000000100000000)
  region size 1024K, 9 young (9216K), 9 survivors (9216K)
 Metaspace       used 144356K, capacity 149198K, committed 149248K, reserved 1179648K
  class space    used 17937K, capacity 19672K, committed 19712K, reserved 1048576K
}
Event: 4214.521 GC heap before
{Heap before GC invocations=99 (full 0):
 garbage-first heap   total 270336K, used 160655K [0x0000000080000000, 0x0000000100000000)
  region size 1024K, 13 young (13312K), 9 survivors (9216K)
 Metaspace       used 144519K, capacity 149394K, committed 149504K, reserved 1179648K
  class space    used 17976K, capacity 19691K, committed 19712K, reserved 1048576K
}
Event: 4214.534 GC heap after
{Heap after GC invocations=100 (full 0):
 garbage-first heap   total 270336K, used 157857K [0x0000000080000000, 0x0000000100000000)
  region size 1024K, 2 young (2048K), 2 survivors (2048K)
 Metaspace       used 144519K, capacity 149394K, committed 149504K, reserved 1179648K
  class space    used 17976K, capacity 19691K, committed 19712K, reserved 1048576K
}

