# JRE version: OpenJDK Runtime Environment (11.0.10) (build 11.0.10+0-b96-7249189)
# Java VM: OpenJDK 64-Bit Server VM (11.0.10+0-b96-7249189, mixed mode, tiered, compressed oops, g1 gc, windows-amd64)
Heap:
 garbage-first heap   total 315392K, used 89879K [0x0000000080000000, 0x0000000100000000)
  region size 1024K, 15 young (15360K), 15 survivors (15360K)
 Metaspace       used 76478K, capacity 78594K, committed 78720K, reserved 1118208K
  class space    used 9906K, capacity 10609K, committed 10624K, reserved 1048576K
GC Heap History (19 events):
Event: 0.442 GC heap before
{Heap before GC invocations=0 (full 0):
 garbage-first heap   total 262144K, used 19456K [0x0000000080000000, 0x0000000100000000)
  region size 1024K, 14 young (14336K), 0 survivors (0K)
 Metaspace       used 6738K, capacity 6929K, committed 7168K, reserved 1056768K
  class space    used 582K, capacity 650K, committed 768K, reserved 1048576K
}
Event: 0.445 GC heap after
{Heap after GC invocations=1 (full 0):
 garbage-first heap   total 262144K, used 8315K [0x0000000080000000, 0x0000000100000000)
  region size 1024K, 2 young (2048K), 2 survivors (2048K)
 Metaspace       used 6738K, capacity 6929K, committed 7168K, reserved 1056768K
  class space    used 582K, capacity 650K, committed 768K, reserved 1048576K
}
Event: 0.729 GC heap before
{Heap before GC invocations=1 (full 0):
 garbage-first heap   total 262144K, used 19579K [0x0000000080000000, 0x0000000100000000)
  region size 1024K, 13 young (13312K), 2 survivors (2048K)
 Metaspace       used 10209K, capacity 10367K, committed 10624K, reserved 1058816K
  class space    used 1065K, capacity 1141K, committed 1152K, reserved 1048576K
}
Event: 0.735 GC heap after
{Heap after GC invocations=2 (full 0):
 garbage-first heap   total 262144K, used 9641K [0x0000000080000000, 0x0000000100000000)
  region size 1024K, 2 young (2048K), 2 survivors (2048K)
 Metaspace       used 10209K, capacity 10367K, committed 10624K, reserved 1058816K
  class space    used 1065K, capacity 1141K, committed 1152K, reserved 1048576K
}
Event: 1.271 GC heap before
{Heap before GC invocations=2 (full 0):
 garbage-first heap   total 262144K, used 40361K [0x0000000080000000, 0x0000000100000000)
  region size 1024K, 31 young (31744K), 2 survivors (2048K)
 Metaspace       used 11157K, capacity 11384K, committed 11520K, reserved 1058816K
  class space    used 1167K, capacity 1245K, committed 1280K, reserved 1048576K
}
Event: 1.274 GC heap after
{Heap after GC invocations=3 (full 0):
 garbage-first heap   total 262144K, used 12648K [0x0000000080000000, 0x0000000100000000)
  region size 1024K, 4 young (4096K), 4 survivors (4096K)
 Metaspace       used 11157K, capacity 11384K, committed 11520K, reserved 1058816K
  class space    used 1167K, capacity 1245K, committed 1280K, reserved 1048576K
}
Event: 2.972 GC heap before
{Heap before GC invocations=3 (full 0):
 garbage-first heap   total 262144K, used 77160K [0x0000000080000000, 0x0000000100000000)
  region size 1024K, 68 young (69632K), 4 survivors (4096K)
 Metaspace       used 20589K, capacity 21099K, committed 21248K, reserved 1067008K
  class space    used 2511K, capacity 2701K, committed 2816K, reserved 1048576K
}
Event: 2.978 GC heap after
{Heap after GC invocations=4 (full 0):
 garbage-first heap   total 262144K, used 17071K [0x0000000080000000, 0x0000000100000000)
  region size 1024K, 9 young (9216K), 9 survivors (9216K)
 Metaspace       used 20589K, capacity 21099K, committed 21248K, reserved 1067008K
  class space    used 2511K, capacity 2701K, committed 2816K, reserved 1048576K
}
Event: 4.062 GC heap before
{Heap before GC invocations=5 (full 0):
 garbage-first heap   total 262144K, used 129711K [0x0000000080000000, 0x0000000100000000)
  region size 1024K, 109 young (111616K), 9 survivors (9216K)
 Metaspace       used 30151K, capacity 30950K, committed 30976K, reserved 1075200K
  class space    used 4059K, capacity 4348K, committed 4352K, reserved 1048576K
}
Event: 4.071 GC heap after
{Heap after GC invocations=6 (full 0):
 garbage-first heap   total 262144K, used 33582K [0x0000000080000000, 0x0000000100000000)
  region size 1024K, 14 young (14336K), 14 survivors (14336K)
 Metaspace       used 30151K, capacity 30950K, committed 30976K, reserved 1075200K
  class space    used 4059K, capacity 4348K, committed 4352K, reserved 1048576K
}
Event: 4.397 GC heap before
{Heap before GC invocations=6 (full 0):
 garbage-first heap   total 262144K, used 50990K [0x0000000080000000, 0x0000000100000000)
  region size 1024K, 32 young (32768K), 14 survivors (14336K)
 Metaspace       used 34843K, capacity 35735K, committed 35840K, reserved 1081344K
  class space    used 4556K, capacity 4899K, committed 4992K, reserved 1048576K
}
Event: 4.409 GC heap after
{Heap after GC invocations=7 (full 0):
 garbage-first heap   total 262144K, used 36726K [0x0000000080000000, 0x0000000100000000)
  region size 1024K, 10 young (10240K), 10 survivors (10240K)
 Metaspace       used 34843K, capacity 35735K, committed 35840K, reserved 1081344K
  class space    used 4556K, capacity 4899K, committed 4992K, reserved 1048576K
}
Event: 5.842 GC heap before
{Heap before GC invocations=8 (full 0):
 garbage-first heap   total 262144K, used 174966K [0x0000000080000000, 0x0000000100000000)
  region size 1024K, 134 young (137216K), 10 survivors (10240K)
 Metaspace       used 45793K, capacity 47033K, committed 47232K, reserved 1089536K
  class space    used 5807K, capacity 6224K, committed 6272K, reserved 1048576K
}
Event: 5.861 GC heap after
{Heap after GC invocations=9 (full 0):
 garbage-first heap   total 262144K, used 54166K [0x0000000080000000, 0x0000000100000000)
  region size 1024K, 17 young (17408K), 17 survivors (17408K)
 Metaspace       used 45793K, capacity 47033K, committed 47232K, reserved 1089536K
  class space    used 5807K, capacity 6224K, committed 6272K, reserved 1048576K
}
Event: 8.212 GC heap before
{Heap before GC invocations=10 (full 0):
 garbage-first heap   total 262144K, used 200598K [0x0000000080000000, 0x0000000100000000)
  region size 1024K, 153 young (156672K), 17 survivors (17408K)
 Metaspace       used 53628K, capacity 55193K, committed 55424K, reserved 1097728K
  class space    used 6931K, capacity 7441K, committed 7552K, reserved 1048576K
}
Event: 8.239 GC heap after
{Heap after GC invocations=11 (full 0):
 garbage-first heap   total 262144K, used 74439K [0x0000000080000000, 0x0000000100000000)
  region size 1024K, 20 young (20480K), 20 survivors (20480K)
 Metaspace       used 53628K, capacity 55193K, committed 55424K, reserved 1097728K
  class space    used 6931K, capacity 7441K, committed 7552K, reserved 1048576K
}
Event: 10.490 GC heap before
{Heap before GC invocations=11 (full 0):
 garbage-first heap   total 262144K, used 199367K [0x0000000080000000, 0x0000000100000000)
  region size 1024K, 142 young (145408K), 20 survivors (20480K)
 Metaspace       used 69381K, capacity 71227K, committed 71552K, reserved 1112064K
  class space    used 8869K, capacity 9484K, committed 9600K, reserved 1048576K
}
Event: 10.513 GC heap after
{Heap after GC invocations=12 (full 0):
 garbage-first heap   total 262144K, used 83739K [0x0000000080000000, 0x0000000100000000)
  region size 1024K, 9 young (9216K), 9 survivors (9216K)
 Metaspace       used 69381K, capacity 71227K, committed 71552K, reserved 1112064K
  class space    used 8869K, capacity 9484K, committed 9600K, reserved 1048576K
}
Event: 11.621 GC heap before
{Heap before GC invocations=12 (full 0):
 garbage-first heap   total 262144K, used 181019K [0x0000000080000000, 0x0000000100000000)
  region size 1024K, 105 young (107520K), 9 survivors (9216K)
 Metaspace       used 76478K, capacity 78594K, committed 78720K, reserved 1118208K
  class space    used 9906K, capacity 10609K, committed 10624K, reserved 1048576K
}

