# JRE version: OpenJDK Runtime Environment (11.0.10) (build 11.0.10+0-b96-7249189)
# Java VM: OpenJDK 64-Bit Server VM (11.0.10+0-b96-7249189, mixed mode, tiered, compressed oops, g1 gc, windows-amd64)
Heap:
 garbage-first heap   total 517120K, used 281600K [0x0000000080000000, 0x0000000100000000)
  region size 1024K, 2 young (2048K), 2 survivors (2048K)
 Metaspace       used 107268K, capacity 110016K, committed 110208K, reserved 1144832K
  class space    used 13819K, capacity 14891K, committed 14976K, reserved 1048576K
GC Heap History (20 events):
Event: 34.803 GC heap after
{Heap after GC invocations=32 (full 0):
 garbage-first heap   total 273408K, used 198128K [0x0000000080000000, 0x0000000100000000)
  region size 1024K, 6 young (6144K), 6 survivors (6144K)
 Metaspace       used 106740K, capacity 109418K, committed 109568K, reserved 1144832K
  class space    used 13774K, capacity 14801K, committed 14848K, reserved 1048576K
}
Event: 34.816 GC heap before
{Heap before GC invocations=32 (full 0):
 garbage-first heap   total 273408K, used 201200K [0x0000000080000000, 0x0000000100000000)
  region size 1024K, 10 young (10240K), 6 survivors (6144K)
 Metaspace       used 106740K, capacity 109418K, committed 109568K, reserved 1144832K
  class space    used 13774K, capacity 14801K, committed 14848K, reserved 1048576K
}
Event: 34.832 GC heap after
{Heap after GC invocations=33 (full 0):
 garbage-first heap   total 273408K, used 200275K [0x0000000080000000, 0x0000000100000000)
  region size 1024K, 2 young (2048K), 2 survivors (2048K)
 Metaspace       used 106740K, capacity 109418K, committed 109568K, reserved 1144832K
  class space    used 13774K, capacity 14801K, committed 14848K, reserved 1048576K
}
Event: 34.896 GC heap before
{Heap before GC invocations=33 (full 0):
 garbage-first heap   total 273408K, used 221779K [0x0000000080000000, 0x0000000100000000)
  region size 1024K, 20 young (20480K), 2 survivors (2048K)
 Metaspace       used 106741K, capacity 109418K, committed 109568K, reserved 1144832K
  class space    used 13774K, capacity 14801K, committed 14848K, reserved 1048576K
}
Event: 34.915 GC heap after
{Heap after GC invocations=34 (full 0):
 garbage-first heap   total 273408K, used 212326K [0x0000000080000000, 0x0000000100000000)
  region size 1024K, 3 young (3072K), 3 survivors (3072K)
 Metaspace       used 106741K, capacity 109418K, committed 109568K, reserved 1144832K
  class space    used 13774K, capacity 14801K, committed 14848K, reserved 1048576K
}
Event: 35.065 GC heap before
{Heap before GC invocations=34 (full 0):
 garbage-first heap   total 273408K, used 225638K [0x0000000080000000, 0x0000000100000000)
  region size 1024K, 16 young (16384K), 3 survivors (3072K)
 Metaspace       used 107138K, capacity 109944K, committed 110208K, reserved 1144832K
  class space    used 13819K, capacity 14891K, committed 14976K, reserved 1048576K
}
Event: 35.083 GC heap after
{Heap after GC invocations=35 (full 0):
 garbage-first heap   total 273408K, used 220091K [0x0000000080000000, 0x0000000100000000)
  region size 1024K, 2 young (2048K), 2 survivors (2048K)
 Metaspace       used 107138K, capacity 109944K, committed 110208K, reserved 1144832K
  class space    used 13819K, capacity 14891K, committed 14976K, reserved 1048576K
}
Event: 35.246 GC heap before
{Heap before GC invocations=35 (full 0):
 garbage-first heap   total 273408K, used 230331K [0x0000000080000000, 0x0000000100000000)
  region size 1024K, 13 young (13312K), 2 survivors (2048K)
 Metaspace       used 107210K, capacity 110014K, committed 110208K, reserved 1144832K
  class space    used 13819K, capacity 14891K, committed 14976K, reserved 1048576K
}
Event: 35.263 GC heap after
{Heap after GC invocations=36 (full 0):
 garbage-first heap   total 273408K, used 226304K [0x0000000080000000, 0x0000000100000000)
  region size 1024K, 2 young (2048K), 2 survivors (2048K)
 Metaspace       used 107210K, capacity 110014K, committed 110208K, reserved 1144832K
  class space    used 13819K, capacity 14891K, committed 14976K, reserved 1048576K
}
Event: 35.302 GC heap before
{Heap before GC invocations=37 (full 0):
 garbage-first heap   total 273408K, used 236544K [0x0000000080000000, 0x0000000100000000)
  region size 1024K, 13 young (13312K), 2 survivors (2048K)
 Metaspace       used 107218K, capacity 110014K, committed 110208K, reserved 1144832K
  class space    used 13819K, capacity 14891K, committed 14976K, reserved 1048576K
}
Event: 35.313 GC heap after
{Heap after GC invocations=38 (full 0):
 garbage-first heap   total 328704K, used 232744K [0x0000000080000000, 0x0000000100000000)
  region size 1024K, 2 young (2048K), 2 survivors (2048K)
 Metaspace       used 107218K, capacity 110014K, committed 110208K, reserved 1144832K
  class space    used 13819K, capacity 14891K, committed 14976K, reserved 1048576K
}
Event: 35.444 GC heap before
{Heap before GC invocations=38 (full 0):
 garbage-first heap   total 328704K, used 256296K [0x0000000080000000, 0x0000000100000000)
  region size 1024K, 25 young (25600K), 2 survivors (2048K)
 Metaspace       used 107261K, capacity 110015K, committed 110208K, reserved 1144832K
  class space    used 13819K, capacity 14891K, committed 14976K, reserved 1048576K
}
Event: 35.462 GC heap after
{Heap after GC invocations=39 (full 0):
 garbage-first heap   total 328704K, used 245760K [0x0000000080000000, 0x0000000100000000)
  region size 1024K, 4 young (4096K), 4 survivors (4096K)
 Metaspace       used 107261K, capacity 110015K, committed 110208K, reserved 1144832K
  class space    used 13819K, capacity 14891K, committed 14976K, reserved 1048576K
}
Event: 35.599 GC heap before
{Heap before GC invocations=39 (full 0):
 garbage-first heap   total 328704K, used 264192K [0x0000000080000000, 0x0000000100000000)
  region size 1024K, 23 young (23552K), 4 survivors (4096K)
 Metaspace       used 107264K, capacity 110016K, committed 110208K, reserved 1144832K
  class space    used 13819K, capacity 14891K, committed 14976K, reserved 1048576K
}
Event: 35.614 GC heap after
{Heap after GC invocations=40 (full 0):
 garbage-first heap   total 328704K, used 256443K [0x0000000080000000, 0x0000000100000000)
  region size 1024K, 3 young (3072K), 3 survivors (3072K)
 Metaspace       used 107264K, capacity 110016K, committed 110208K, reserved 1144832K
  class space    used 13819K, capacity 14891K, committed 14976K, reserved 1048576K
}
Event: 35.668 GC heap before
{Heap before GC invocations=40 (full 0):
 garbage-first heap   total 328704K, used 270779K [0x0000000080000000, 0x0000000100000000)
  region size 1024K, 18 young (18432K), 3 survivors (3072K)
 Metaspace       used 107266K, capacity 110016K, committed 110208K, reserved 1144832K
  class space    used 13819K, capacity 14891K, committed 14976K, reserved 1048576K
}
Event: 35.682 GC heap after
{Heap after GC invocations=41 (full 0):
 garbage-first heap   total 328704K, used 265728K [0x0000000080000000, 0x0000000100000000)
  region size 1024K, 3 young (3072K), 3 survivors (3072K)
 Metaspace       used 107266K, capacity 110016K, committed 110208K, reserved 1144832K
  class space    used 13819K, capacity 14891K, committed 14976K, reserved 1048576K
}
Event: 35.773 GC heap before
{Heap before GC invocations=41 (full 0):
 garbage-first heap   total 328704K, used 278016K [0x0000000080000000, 0x0000000100000000)
  region size 1024K, 16 young (16384K), 3 survivors (3072K)
 Metaspace       used 107266K, capacity 110016K, committed 110208K, reserved 1144832K
  class space    used 13819K, capacity 14891K, committed 14976K, reserved 1048576K
}
Event: 35.784 GC heap after
{Heap after GC invocations=42 (full 0):
 garbage-first heap   total 328704K, used 273408K [0x0000000080000000, 0x0000000100000000)
  region size 1024K, 2 young (2048K), 2 survivors (2048K)
 Metaspace       used 107266K, capacity 110016K, committed 110208K, reserved 1144832K
  class space    used 13819K, capacity 14891K, committed 14976K, reserved 1048576K
}
Event: 35.819 GC heap before
{Heap before GC invocations=42 (full 0):
 garbage-first heap   total 328704K, used 287744K [0x0000000080000000, 0x0000000100000000)
  region size 1024K, 16 young (16384K), 2 survivors (2048K)
 Metaspace       used 107268K, capacity 110016K, committed 110208K, reserved 1144832K
  class space    used 13819K, capacity 14891K, committed 14976K, reserved 1048576K
}

