# JRE version: OpenJDK Runtime Environment (11.0.10) (build 11.0.10+0-b96-7249189)
# Java VM: OpenJDK 64-Bit Server VM (11.0.10+0-b96-7249189, mixed mode, tiered, compressed oops, g1 gc, windows-amd64)
Heap:
 garbage-first heap   total 407552K, used 323445K [0x0000000080000000, 0x0000000100000000)
  region size 1024K, 9 young (9216K), 2 survivors (2048K)
 Metaspace       used 107115K, capacity 109926K, committed 110156K, reserved 1144832K
  class space    used 14041K, capacity 15077K, committed 15180K, reserved 1048576K
GC Heap History (20 events):
Event: 36.226 GC heap before
{Heap before GC invocations=24 (full 0):
 garbage-first heap   total 338944K, used 269769K [0x0000000080000000, 0x0000000100000000)
  region size 1024K, 57 young (58368K), 10 survivors (10240K)
 Metaspace       used 106686K, capacity 109420K, committed 109516K, reserved 1144832K
  class space    used 14030K, capacity 15042K, committed 15052K, reserved 1048576K
}
Event: 36.269 GC heap after
{Heap after GC invocations=25 (full 0):
 garbage-first heap   total 338944K, used 240128K [0x0000000080000000, 0x0000000100000000)
  region size 1024K, 8 young (8192K), 8 survivors (8192K)
 Metaspace       used 106686K, capacity 109420K, committed 109516K, reserved 1144832K
  class space    used 14030K, capacity 15042K, committed 15052K, reserved 1048576K
}
Event: 36.512 GC heap before
{Heap before GC invocations=25 (full 0):
 garbage-first heap   total 338944K, used 274944K [0x0000000080000000, 0x0000000100000000)
  region size 1024K, 43 young (44032K), 8 survivors (8192K)
 Metaspace       used 106927K, capacity 109725K, committed 109900K, reserved 1144832K
  class space    used 14038K, capacity 15077K, committed 15180K, reserved 1048576K
}
Event: 36.542 GC heap after
{Heap after GC invocations=26 (full 0):
 garbage-first heap   total 338944K, used 256512K [0x0000000080000000, 0x0000000100000000)
  region size 1024K, 6 young (6144K), 6 survivors (6144K)
 Metaspace       used 106927K, capacity 109725K, committed 109900K, reserved 1144832K
  class space    used 14038K, capacity 15077K, committed 15180K, reserved 1048576K
}
Event: 36.813 GC heap before
{Heap before GC invocations=26 (full 0):
 garbage-first heap   total 338944K, used 281088K [0x0000000080000000, 0x0000000100000000)
  region size 1024K, 30 young (30720K), 6 survivors (6144K)
 Metaspace       used 106951K, capacity 109734K, committed 109900K, reserved 1144832K
  class space    used 14041K, capacity 15080K, committed 15180K, reserved 1048576K
}
Event: 36.834 GC heap after
{Heap after GC invocations=27 (full 0):
 garbage-first heap   total 338944K, used 268800K [0x0000000080000000, 0x0000000100000000)
  region size 1024K, 4 young (4096K), 4 survivors (4096K)
 Metaspace       used 106951K, capacity 109734K, committed 109900K, reserved 1144832K
  class space    used 14041K, capacity 15080K, committed 15180K, reserved 1048576K
}
Event: 36.959 GC heap before
{Heap before GC invocations=27 (full 0):
 garbage-first heap   total 338944K, used 286208K [0x0000000080000000, 0x0000000100000000)
  region size 1024K, 21 young (21504K), 4 survivors (4096K)
 Metaspace       used 106978K, capacity 109737K, committed 109900K, reserved 1144832K
  class space    used 14041K, capacity 15080K, committed 15180K, reserved 1048576K
}
Event: 36.976 GC heap after
{Heap after GC invocations=28 (full 0):
 garbage-first heap   total 338944K, used 277504K [0x0000000080000000, 0x0000000100000000)
  region size 1024K, 3 young (3072K), 3 survivors (3072K)
 Metaspace       used 106978K, capacity 109737K, committed 109900K, reserved 1144832K
  class space    used 14041K, capacity 15080K, committed 15180K, reserved 1048576K
}
Event: 37.084 GC heap before
{Heap before GC invocations=28 (full 0):
 garbage-first heap   total 338944K, used 288768K [0x0000000080000000, 0x0000000100000000)
  region size 1024K, 16 young (16384K), 3 survivors (3072K)
 Metaspace       used 107005K, capacity 109853K, committed 110156K, reserved 1144832K
  class space    used 14038K, capacity 15075K, committed 15180K, reserved 1048576K
}
Event: 37.095 GC heap after
{Heap after GC invocations=29 (full 0):
 garbage-first heap   total 338944K, used 283136K [0x0000000080000000, 0x0000000100000000)
  region size 1024K, 2 young (2048K), 2 survivors (2048K)
 Metaspace       used 107005K, capacity 109853K, committed 110156K, reserved 1144832K
  class space    used 14038K, capacity 15075K, committed 15180K, reserved 1048576K
}
Event: 37.155 GC heap before
{Heap before GC invocations=29 (full 0):
 garbage-first heap   total 338944K, used 297472K [0x0000000080000000, 0x0000000100000000)
  region size 1024K, 16 young (16384K), 2 survivors (2048K)
 Metaspace       used 107042K, capacity 109858K, committed 110156K, reserved 1144832K
  class space    used 14039K, capacity 15076K, committed 15180K, reserved 1048576K
}
Event: 37.169 GC heap after
{Heap after GC invocations=30 (full 0):
 garbage-first heap   total 338944K, used 290816K [0x0000000080000000, 0x0000000100000000)
  region size 1024K, 2 young (2048K), 2 survivors (2048K)
 Metaspace       used 107042K, capacity 109858K, committed 110156K, reserved 1144832K
  class space    used 14039K, capacity 15076K, committed 15180K, reserved 1048576K
}
Event: 37.229 GC heap before
{Heap before GC invocations=30 (full 0):
 garbage-first heap   total 338944K, used 305152K [0x0000000080000000, 0x0000000100000000)
  region size 1024K, 16 young (16384K), 2 survivors (2048K)
 Metaspace       used 107048K, capacity 109861K, committed 110156K, reserved 1144832K
  class space    used 14039K, capacity 15077K, committed 15180K, reserved 1048576K
}
Event: 37.239 GC heap after
{Heap after GC invocations=31 (full 0):
 garbage-first heap   total 338944K, used 297324K [0x0000000080000000, 0x0000000100000000)
  region size 1024K, 2 young (2048K), 2 survivors (2048K)
 Metaspace       used 107048K, capacity 109861K, committed 110156K, reserved 1144832K
  class space    used 14039K, capacity 15077K, committed 15180K, reserved 1048576K
}
Event: 37.306 GC heap before
{Heap before GC invocations=32 (full 0):
 garbage-first heap   total 338944K, used 311660K [0x0000000080000000, 0x0000000100000000)
  region size 1024K, 16 young (16384K), 2 survivors (2048K)
 Metaspace       used 107056K, capacity 109925K, committed 110156K, reserved 1144832K
  class space    used 14040K, capacity 15077K, committed 15180K, reserved 1048576K
}
Event: 37.315 GC heap after
{Heap after GC invocations=33 (full 0):
 garbage-first heap   total 338944K, used 303411K [0x0000000080000000, 0x0000000100000000)
  region size 1024K, 2 young (2048K), 2 survivors (2048K)
 Metaspace       used 107056K, capacity 109925K, committed 110156K, reserved 1144832K
  class space    used 14040K, capacity 15077K, committed 15180K, reserved 1048576K
}
Event: 37.368 GC heap before
{Heap before GC invocations=33 (full 0):
 garbage-first heap   total 338944K, used 317747K [0x0000000080000000, 0x0000000100000000)
  region size 1024K, 16 young (16384K), 2 survivors (2048K)
 Metaspace       used 107063K, capacity 109925K, committed 110156K, reserved 1144832K
  class space    used 14040K, capacity 15077K, committed 15180K, reserved 1048576K
}
Event: 37.376 GC heap after
{Heap after GC invocations=34 (full 0):
 garbage-first heap   total 338944K, used 310272K [0x0000000080000000, 0x0000000100000000)
  region size 1024K, 2 young (2048K), 2 survivors (2048K)
 Metaspace       used 107063K, capacity 109925K, committed 110156K, reserved 1144832K
  class space    used 14040K, capacity 15077K, committed 15180K, reserved 1048576K
}
Event: 37.413 GC heap before
{Heap before GC invocations=34 (full 0):
 garbage-first heap   total 338944K, used 324608K [0x0000000080000000, 0x0000000100000000)
  region size 1024K, 16 young (16384K), 2 survivors (2048K)
 Metaspace       used 107064K, capacity 109925K, committed 110156K, reserved 1144832K
  class space    used 14041K, capacity 15077K, committed 15180K, reserved 1048576K
}
Event: 37.426 GC heap after
{Heap after GC invocations=35 (full 0):
 garbage-first heap   total 407552K, used 317301K [0x0000000080000000, 0x0000000100000000)
  region size 1024K, 2 young (2048K), 2 survivors (2048K)
 Metaspace       used 107064K, capacity 109925K, committed 110156K, reserved 1144832K
  class space    used 14041K, capacity 15077K, committed 15180K, reserved 1048576K
}

