# JRE version: OpenJDK Runtime Environment (11.0.10) (build 11.0.10+0-b96-7249189)
# Java VM: OpenJDK 64-Bit Server VM (11.0.10+0-b96-7249189, mixed mode, tiered, compressed oops, g1 gc, windows-amd64)
Heap:
 garbage-first heap   total 262144K, used 73707K [0x0000000701000000, 0x0000000800000000)
  region size 1024K, 50 young (51200K), 4 survivors (4096K)
 Metaspace       used 44335K, capacity 44834K, committed 45132K, reserved 1089536K
  class space    used 5158K, capacity 5340K, committed 5452K, reserved 1048576K
GC Heap History (8 events):
Event: 0.572 GC heap before
{Heap before GC invocations=0 (full 0):
 garbage-first heap   total 262144K, used 17408K [0x0000000701000000, 0x0000000800000000)
  region size 1024K, 14 young (14336K), 0 survivors (0K)
 Metaspace       used 9785K, capacity 9871K, committed 10112K, reserved 1058816K
  class space    used 834K, capacity 884K, committed 896K, reserved 1048576K
}
Event: 0.583 GC heap after
{Heap after GC invocations=1 (full 0):
 garbage-first heap   total 262144K, used 5173K [0x0000000701000000, 0x0000000800000000)
  region size 1024K, 2 young (2048K), 2 survivors (2048K)
 Metaspace       used 9785K, capacity 9871K, committed 10112K, reserved 1058816K
  class space    used 834K, capacity 884K, committed 896K, reserved 1048576K
}
Event: 1.976 GC heap before
{Heap before GC invocations=1 (full 0):
 garbage-first heap   total 262144K, used 51253K [0x0000000701000000, 0x0000000800000000)
  region size 1024K, 48 young (49152K), 2 survivors (2048K)
 Metaspace       used 20897K, capacity 21118K, committed 21248K, reserved 1069056K
  class space    used 2171K, capacity 2225K, committed 2304K, reserved 1048576K
}
Event: 1.986 GC heap after
{Heap after GC invocations=2 (full 0):
 garbage-first heap   total 262144K, used 9497K [0x0000000701000000, 0x0000000800000000)
  region size 1024K, 7 young (7168K), 7 survivors (7168K)
 Metaspace       used 20897K, capacity 21118K, committed 21248K, reserved 1069056K
  class space    used 2171K, capacity 2225K, committed 2304K, reserved 1048576K
}
Event: 3.628 GC heap before
{Heap before GC invocations=3 (full 0):
 garbage-first heap   total 262144K, used 67865K [0x0000000701000000, 0x0000000800000000)
  region size 1024K, 56 young (57344K), 7 survivors (7168K)
 Metaspace       used 31160K, capacity 31645K, committed 31744K, reserved 1077248K
  class space    used 3636K, capacity 3810K, committed 3840K, reserved 1048576K
}
Event: 3.645 GC heap after
{Heap after GC invocations=4 (full 0):
 garbage-first heap   total 262144K, used 24332K [0x0000000701000000, 0x0000000800000000)
  region size 1024K, 7 young (7168K), 7 survivors (7168K)
 Metaspace       used 31160K, capacity 31645K, committed 31744K, reserved 1077248K
  class space    used 3636K, capacity 3810K, committed 3840K, reserved 1048576K
}
Event: 4.321 GC heap before
{Heap before GC invocations=4 (full 0):
 garbage-first heap   total 262144K, used 53004K [0x0000000701000000, 0x0000000800000000)
  region size 1024K, 33 young (33792K), 7 survivors (7168K)
 Metaspace       used 35230K, capacity 35693K, committed 35840K, reserved 1081344K
  class space    used 4271K, capacity 4453K, committed 4480K, reserved 1048576K
}
Event: 4.343 GC heap after
{Heap after GC invocations=5 (full 0):
 garbage-first heap   total 262144K, used 27627K [0x0000000701000000, 0x0000000800000000)
  region size 1024K, 4 young (4096K), 4 survivors (4096K)
 Metaspace       used 35230K, capacity 35693K, committed 35840K, reserved 1081344K
  class space    used 4271K, capacity 4453K, committed 4480K, reserved 1048576K
}

