# JRE version: OpenJDK Runtime Environment (11.0.10) (build 11.0.10+0-b96-7249189)
# Java VM: OpenJDK 64-Bit Server VM (11.0.10+0-b96-7249189, mixed mode, tiered, compressed oops, g1 gc, windows-amd64)
Heap:
 garbage-first heap   total 262144K, used 216440K [0x0000000080000000, 0x0000000100000000)
  region size 1024K, 61 young (62464K), 5 survivors (5120K)
 Metaspace       used 101206K, capacity 103863K, committed 104012K, reserved 1138688K
  class space    used 13116K, capacity 14127K, committed 14156K, reserved 1048576K
GC Heap History (20 events):
Event: 12.483 GC heap before
{Heap before GC invocations=16 (full 0):
 garbage-first heap   total 262144K, used 166955K [0x0000000080000000, 0x0000000100000000)
  region size 1024K, 110 young (112640K), 14 survivors (14336K)
 Metaspace       used 82872K, capacity 85019K, committed 85324K, reserved 1122304K
  class space    used 10762K, capacity 11517K, committed 11596K, reserved 1048576K
}
Event: 12.501 GC heap after
{Heap after GC invocations=17 (full 0):
 garbage-first heap   total 262144K, used 76518K [0x0000000080000000, 0x0000000100000000)
  region size 1024K, 14 young (14336K), 14 survivors (14336K)
 Metaspace       used 82872K, capacity 85019K, committed 85324K, reserved 1122304K
  class space    used 10762K, capacity 11517K, committed 11596K, reserved 1048576K
}
Event: 13.405 GC heap before
{Heap before GC invocations=17 (full 0):
 garbage-first heap   total 262144K, used 175846K [0x0000000080000000, 0x0000000100000000)
  region size 1024K, 112 young (114688K), 14 survivors (14336K)
 Metaspace       used 86955K, capacity 89185K, committed 89420K, reserved 1126400K
  class space    used 11239K, capacity 12036K, committed 12108K, reserved 1048576K
}
Event: 13.420 GC heap after
{Heap after GC invocations=18 (full 0):
 garbage-first heap   total 262144K, used 81408K [0x0000000080000000, 0x0000000100000000)
  region size 1024K, 12 young (12288K), 12 survivors (12288K)
 Metaspace       used 86955K, capacity 89185K, committed 89420K, reserved 1126400K
  class space    used 11239K, capacity 12036K, committed 12108K, reserved 1048576K
}
Event: 14.129 GC heap before
{Heap before GC invocations=18 (full 0):
 garbage-first heap   total 262144K, used 185856K [0x0000000080000000, 0x0000000100000000)
  region size 1024K, 113 young (115712K), 12 survivors (12288K)
 Metaspace       used 88371K, capacity 90533K, committed 90828K, reserved 1128448K
  class space    used 11408K, capacity 12184K, committed 12236K, reserved 1048576K
}
Event: 14.145 GC heap after
{Heap after GC invocations=19 (full 0):
 garbage-first heap   total 262144K, used 90537K [0x0000000080000000, 0x0000000100000000)
  region size 1024K, 12 young (12288K), 12 survivors (12288K)
 Metaspace       used 88371K, capacity 90533K, committed 90828K, reserved 1128448K
  class space    used 11408K, capacity 12184K, committed 12236K, reserved 1048576K
}
Event: 14.466 GC heap before
{Heap before GC invocations=19 (full 0):
 garbage-first heap   total 262144K, used 193961K [0x0000000080000000, 0x0000000100000000)
  region size 1024K, 112 young (114688K), 12 survivors (12288K)
 Metaspace       used 90004K, capacity 92223K, committed 92364K, reserved 1128448K
  class space    used 11622K, capacity 12426K, committed 12492K, reserved 1048576K
}
Event: 14.483 GC heap after
{Heap after GC invocations=20 (full 0):
 garbage-first heap   total 262144K, used 111238K [0x0000000080000000, 0x0000000100000000)
  region size 1024K, 14 young (14336K), 14 survivors (14336K)
 Metaspace       used 90004K, capacity 92223K, committed 92364K, reserved 1128448K
  class space    used 11622K, capacity 12426K, committed 12492K, reserved 1048576K
}
Event: 14.929 GC heap before
{Heap before GC invocations=20 (full 0):
 garbage-first heap   total 262144K, used 197254K [0x0000000080000000, 0x0000000100000000)
  region size 1024K, 98 young (100352K), 14 survivors (14336K)
 Metaspace       used 92362K, capacity 94618K, committed 94796K, reserved 1130496K
  class space    used 11945K, capacity 12804K, committed 12876K, reserved 1048576K
}
Event: 14.956 GC heap after
{Heap after GC invocations=21 (full 0):
 garbage-first heap   total 262144K, used 125440K [0x0000000080000000, 0x0000000100000000)
  region size 1024K, 13 young (13312K), 13 survivors (13312K)
 Metaspace       used 92362K, capacity 94618K, committed 94796K, reserved 1130496K
  class space    used 11945K, capacity 12804K, committed 12876K, reserved 1048576K
}
Event: 15.180 GC heap before
{Heap before GC invocations=21 (full 0):
 garbage-first heap   total 262144K, used 198144K [0x0000000080000000, 0x0000000100000000)
  region size 1024K, 85 young (87040K), 13 survivors (13312K)
 Metaspace       used 94132K, capacity 96524K, committed 96844K, reserved 1132544K
  class space    used 12177K, capacity 13052K, committed 13132K, reserved 1048576K
}
Event: 15.209 GC heap after
{Heap after GC invocations=22 (full 0):
 garbage-first heap   total 262144K, used 140800K [0x0000000080000000, 0x0000000100000000)
  region size 1024K, 11 young (11264K), 11 survivors (11264K)
 Metaspace       used 94132K, capacity 96524K, committed 96844K, reserved 1132544K
  class space    used 12177K, capacity 13052K, committed 13132K, reserved 1048576K
}
Event: 15.503 GC heap before
{Heap before GC invocations=22 (full 0):
 garbage-first heap   total 262144K, used 203264K [0x0000000080000000, 0x0000000100000000)
  region size 1024K, 72 young (73728K), 11 survivors (11264K)
 Metaspace       used 95940K, capacity 98436K, committed 98508K, reserved 1134592K
  class space    used 12515K, capacity 13463K, committed 13516K, reserved 1048576K
}
Event: 15.534 GC heap after
{Heap after GC invocations=23 (full 0):
 garbage-first heap   total 262144K, used 151552K [0x0000000080000000, 0x0000000100000000)
  region size 1024K, 9 young (9216K), 9 survivors (9216K)
 Metaspace       used 95940K, capacity 98436K, committed 98508K, reserved 1134592K
  class space    used 12515K, capacity 13463K, committed 13516K, reserved 1048576K
}
Event: 16.432 GC heap before
{Heap before GC invocations=24 (full 0):
 garbage-first heap   total 262144K, used 206848K [0x0000000080000000, 0x0000000100000000)
  region size 1024K, 64 young (65536K), 9 survivors (9216K)
 Metaspace       used 99836K, capacity 102401K, committed 102604K, reserved 1138688K
  class space    used 12991K, capacity 13953K, committed 14028K, reserved 1048576K
}
Event: 16.445 GC heap after
{Heap after GC invocations=25 (full 0):
 garbage-first heap   total 262144K, used 156643K [0x0000000080000000, 0x0000000100000000)
  region size 1024K, 5 young (5120K), 5 survivors (5120K)
 Metaspace       used 99836K, capacity 102401K, committed 102604K, reserved 1138688K
  class space    used 12991K, capacity 13953K, committed 14028K, reserved 1048576K
}
Event: 16.954 GC heap before
{Heap before GC invocations=25 (full 0):
 garbage-first heap   total 262144K, used 211939K [0x0000000080000000, 0x0000000100000000)
  region size 1024K, 59 young (60416K), 5 survivors (5120K)
 Metaspace       used 100947K, capacity 103561K, committed 103756K, reserved 1138688K
  class space    used 13110K, capacity 14099K, committed 14156K, reserved 1048576K
}
Event: 16.962 GC heap after
{Heap after GC invocations=26 (full 0):
 garbage-first heap   total 262144K, used 157697K [0x0000000080000000, 0x0000000100000000)
  region size 1024K, 6 young (6144K), 6 survivors (6144K)
 Metaspace       used 100947K, capacity 103561K, committed 103756K, reserved 1138688K
  class space    used 13110K, capacity 14099K, committed 14156K, reserved 1048576K
}
Event: 17.471 GC heap before
{Heap before GC invocations=27 (full 0):
 garbage-first heap   total 262144K, used 212993K [0x0000000080000000, 0x0000000100000000)
  region size 1024K, 61 young (62464K), 6 survivors (6144K)
 Metaspace       used 101154K, capacity 103857K, committed 104012K, reserved 1138688K
  class space    used 13116K, capacity 14126K, committed 14156K, reserved 1048576K
}
Event: 17.480 GC heap after
{Heap after GC invocations=28 (full 0):
 garbage-first heap   total 262144K, used 159096K [0x0000000080000000, 0x0000000100000000)
  region size 1024K, 4 young (4096K), 4 survivors (4096K)
 Metaspace       used 101154K, capacity 103857K, committed 104012K, reserved 1138688K
  class space    used 13116K, capacity 14126K, committed 14156K, reserved 1048576K
}

