# JRE version: OpenJDK Runtime Environment (11.0.10) (build 11.0.10+0-b96-7249189)
# Java VM: OpenJDK 64-Bit Server VM (11.0.10+0-b96-7249189, mixed mode, tiered, compressed oops, g1 gc, windows-amd64)
Heap:
 garbage-first heap   total 262144K, used 192512K [0x0000000080000000, 0x0000000100000000)
  region size 1024K, 73 young (74752K), 13 survivors (13312K)
 Metaspace       used 94651K, capacity 97075K, committed 97152K, reserved 1132544K
  class space    used 12234K, capacity 13115K, committed 13184K, reserved 1048576K
GC Heap History (20 events):
Event: 12.026 GC heap before
{Heap before GC invocations=7 (full 0):
 garbage-first heap   total 262144K, used 23681K [0x0000000080000000, 0x0000000100000000)
  region size 1024K, 13 young (13312K), 11 survivors (11264K)
 Metaspace       used 35014K, capacity 35835K, committed 35840K, reserved 1081344K
  class space    used 4538K, capacity 4864K, committed 4864K, reserved 1048576K
}
Event: 12.033 GC heap after
{Heap after GC invocations=8 (full 0):
 garbage-first heap   total 262144K, used 23075K [0x0000000080000000, 0x0000000100000000)
  region size 1024K, 7 young (7168K), 7 survivors (7168K)
 Metaspace       used 35014K, capacity 35835K, committed 35840K, reserved 1081344K
  class space    used 4538K, capacity 4864K, committed 4864K, reserved 1048576K
}
Event: 14.156 GC heap before
{Heap before GC invocations=9 (full 0):
 garbage-first heap   total 262144K, used 158243K [0x0000000080000000, 0x0000000100000000)
  region size 1024K, 136 young (139264K), 7 survivors (7168K)
 Metaspace       used 45220K, capacity 46416K, committed 46720K, reserved 1089536K
  class space    used 5790K, capacity 6186K, committed 6272K, reserved 1048576K
}
Event: 14.168 GC heap after
{Heap after GC invocations=10 (full 0):
 garbage-first heap   total 262144K, used 29256K [0x0000000080000000, 0x0000000100000000)
  region size 1024K, 13 young (13312K), 13 survivors (13312K)
 Metaspace       used 45220K, capacity 46416K, committed 46720K, reserved 1089536K
  class space    used 5790K, capacity 6186K, committed 6272K, reserved 1048576K
}
Event: 16.555 GC heap before
{Heap before GC invocations=10 (full 0):
 garbage-first heap   total 262144K, used 170568K [0x0000000080000000, 0x0000000100000000)
  region size 1024K, 144 young (147456K), 13 survivors (13312K)
 Metaspace       used 58470K, capacity 60023K, committed 60160K, reserved 1101824K
  class space    used 7402K, capacity 7945K, committed 8064K, reserved 1048576K
}
Event: 16.580 GC heap after
{Heap after GC invocations=11 (full 0):
 garbage-first heap   total 262144K, used 50365K [0x0000000080000000, 0x0000000100000000)
  region size 1024K, 20 young (20480K), 20 survivors (20480K)
 Metaspace       used 58470K, capacity 60023K, committed 60160K, reserved 1101824K
  class space    used 7402K, capacity 7945K, committed 8064K, reserved 1048576K
}
Event: 18.558 GC heap before
{Heap before GC invocations=12 (full 0):
 garbage-first heap   total 262144K, used 182461K [0x0000000080000000, 0x0000000100000000)
  region size 1024K, 149 young (152576K), 20 survivors (20480K)
 Metaspace       used 68128K, capacity 69806K, committed 70016K, reserved 1110016K
  class space    used 8660K, capacity 9266K, committed 9344K, reserved 1048576K
}
Event: 18.587 GC heap after
{Heap after GC invocations=13 (full 0):
 garbage-first heap   total 262144K, used 59462K [0x0000000080000000, 0x0000000100000000)
  region size 1024K, 11 young (11264K), 11 survivors (11264K)
 Metaspace       used 68128K, capacity 69806K, committed 70016K, reserved 1110016K
  class space    used 8660K, capacity 9266K, committed 9344K, reserved 1048576K
}
Event: 20.696 GC heap before
{Heap before GC invocations=14 (full 0):
 garbage-first heap   total 262144K, used 188486K [0x0000000080000000, 0x0000000100000000)
  region size 1024K, 137 young (140288K), 11 survivors (11264K)
 Metaspace       used 79191K, capacity 81081K, committed 81408K, reserved 1120256K
  class space    used 10273K, capacity 10928K, committed 11008K, reserved 1048576K
}
Event: 20.718 GC heap after
{Heap after GC invocations=15 (full 0):
 garbage-first heap   total 262144K, used 69632K [0x0000000080000000, 0x0000000100000000)
  region size 1024K, 10 young (10240K), 10 survivors (10240K)
 Metaspace       used 79191K, capacity 81081K, committed 81408K, reserved 1120256K
  class space    used 10273K, capacity 10928K, committed 11008K, reserved 1048576K
}
Event: 23.359 GC heap before
{Heap before GC invocations=15 (full 0):
 garbage-first heap   total 262144K, used 194560K [0x0000000080000000, 0x0000000100000000)
  region size 1024K, 133 young (136192K), 10 survivors (10240K)
 Metaspace       used 83070K, capacity 85199K, committed 85376K, reserved 1122304K
  class space    used 10759K, capacity 11532K, committed 11648K, reserved 1048576K
}
Event: 23.376 GC heap after
{Heap after GC invocations=16 (full 0):
 garbage-first heap   total 262144K, used 77824K [0x0000000080000000, 0x0000000100000000)
  region size 1024K, 17 young (17408K), 17 survivors (17408K)
 Metaspace       used 83070K, capacity 85199K, committed 85376K, reserved 1122304K
  class space    used 10759K, capacity 11532K, committed 11648K, reserved 1048576K
}
Event: 25.918 GC heap before
{Heap before GC invocations=16 (full 0):
 garbage-first heap   total 262144K, used 199680K [0x0000000080000000, 0x0000000100000000)
  region size 1024K, 137 young (140288K), 17 survivors (17408K)
 Metaspace       used 87990K, capacity 90195K, committed 90240K, reserved 1128448K
  class space    used 11325K, capacity 12115K, committed 12160K, reserved 1048576K
}
Event: 25.939 GC heap after
{Heap after GC invocations=17 (full 0):
 garbage-first heap   total 262144K, used 84614K [0x0000000080000000, 0x0000000100000000)
  region size 1024K, 16 young (16384K), 16 survivors (16384K)
 Metaspace       used 87990K, capacity 90195K, committed 90240K, reserved 1128448K
  class space    used 11325K, capacity 12115K, committed 12160K, reserved 1048576K
}
Event: 27.005 GC heap before
{Heap before GC invocations=17 (full 0):
 garbage-first heap   total 262144K, used 207494K [0x0000000080000000, 0x0000000100000000)
  region size 1024K, 133 young (136192K), 16 survivors (16384K)
 Metaspace       used 89106K, capacity 91316K, committed 91392K, reserved 1128448K
  class space    used 11486K, capacity 12273K, committed 12288K, reserved 1048576K
}
Event: 27.024 GC heap after
{Heap after GC invocations=18 (full 0):
 garbage-first heap   total 262144K, used 97947K [0x0000000080000000, 0x0000000100000000)
  region size 1024K, 17 young (17408K), 17 survivors (17408K)
 Metaspace       used 89106K, capacity 91316K, committed 91392K, reserved 1128448K
  class space    used 11486K, capacity 12273K, committed 12288K, reserved 1048576K
}
Event: 27.649 GC heap before
{Heap before GC invocations=18 (full 0):
 garbage-first heap   total 262144K, used 207515K [0x0000000080000000, 0x0000000100000000)
  region size 1024K, 123 young (125952K), 17 survivors (17408K)
 Metaspace       used 92367K, capacity 94656K, committed 94976K, reserved 1132544K
  class space    used 11923K, capacity 12733K, committed 12800K, reserved 1048576K
}
Event: 27.673 GC heap after
{Heap after GC invocations=19 (full 0):
 garbage-first heap   total 262144K, used 121257K [0x0000000080000000, 0x0000000100000000)
  region size 1024K, 16 young (16384K), 16 survivors (16384K)
 Metaspace       used 92367K, capacity 94656K, committed 94976K, reserved 1132544K
  class space    used 11923K, capacity 12733K, committed 12800K, reserved 1048576K
}
Event: 27.928 GC heap before
{Heap before GC invocations=19 (full 0):
 garbage-first heap   total 262144K, used 203177K [0x0000000080000000, 0x0000000100000000)
  region size 1024K, 97 young (99328K), 16 survivors (16384K)
 Metaspace       used 93885K, capacity 96251K, committed 96512K, reserved 1132544K
  class space    used 12136K, capacity 12986K, committed 13056K, reserved 1048576K
}
Event: 27.954 GC heap after
{Heap after GC invocations=20 (full 0):
 garbage-first heap   total 262144K, used 133120K [0x0000000080000000, 0x0000000100000000)
  region size 1024K, 13 young (13312K), 13 survivors (13312K)
 Metaspace       used 93885K, capacity 96251K, committed 96512K, reserved 1132544K
  class space    used 12136K, capacity 12986K, committed 13056K, reserved 1048576K
}

