# JRE version: OpenJDK Runtime Environment (11.0.10) (build 11.0.10+0-b96-7249189)
# Java VM: OpenJDK 64-Bit Server VM (11.0.10+0-b96-7249189, mixed mode, tiered, compressed oops, g1 gc, windows-amd64)
Heap:
 garbage-first heap   total 711680K, used 301557K [0x0000000080000000, 0x0000000100000000)
  region size 1024K, 3 young (3072K), 3 survivors (3072K)
 Metaspace       used 106004K, capacity 108829K, committed 109004K, reserved 1142784K
  class space    used 13914K, capacity 14947K, committed 15052K, reserved 1048576K
GC Heap History (20 events):
Event: 28.112 GC heap after
{Heap after GC invocations=28 (full 0):
 garbage-first heap   total 284672K, used 232261K [0x0000000080000000, 0x0000000100000000)
  region size 1024K, 3 young (3072K), 3 survivors (3072K)
 Metaspace       used 103901K, capacity 106691K, committed 106828K, reserved 1140736K
  class space    used 13569K, capacity 14588K, committed 14668K, reserved 1048576K
}
Event: 28.329 GC heap before
{Heap before GC invocations=28 (full 0):
 garbage-first heap   total 284672K, used 244549K [0x0000000080000000, 0x0000000100000000)
  region size 1024K, 15 young (15360K), 3 survivors (3072K)
 Metaspace       used 105678K, capacity 108479K, committed 108748K, reserved 1142784K
  class space    used 13919K, capacity 14966K, committed 15052K, reserved 1048576K
}
Event: 28.341 GC heap after
{Heap after GC invocations=29 (full 0):
 garbage-first heap   total 284672K, used 235327K [0x0000000080000000, 0x0000000100000000)
  region size 1024K, 2 young (2048K), 2 survivors (2048K)
 Metaspace       used 105678K, capacity 108479K, committed 108748K, reserved 1142784K
  class space    used 13919K, capacity 14966K, committed 15052K, reserved 1048576K
}
Event: 28.416 GC heap before
{Heap before GC invocations=30 (full 0):
 garbage-first heap   total 284672K, used 246591K [0x0000000080000000, 0x0000000100000000)
  region size 1024K, 13 young (13312K), 2 survivors (2048K)
 Metaspace       used 105834K, capacity 108680K, committed 109004K, reserved 1142784K
  class space    used 13922K, capacity 14966K, committed 15052K, reserved 1048576K
}
Event: 28.423 GC heap after
{Heap after GC invocations=31 (full 0):
 garbage-first heap   total 284672K, used 239559K [0x0000000080000000, 0x0000000100000000)
  region size 1024K, 2 young (2048K), 2 survivors (2048K)
 Metaspace       used 105834K, capacity 108680K, committed 109004K, reserved 1142784K
  class space    used 13922K, capacity 14966K, committed 15052K, reserved 1048576K
}
Event: 28.470 GC heap before
{Heap before GC invocations=31 (full 0):
 garbage-first heap   total 284672K, used 250823K [0x0000000080000000, 0x0000000100000000)
  region size 1024K, 13 young (13312K), 2 survivors (2048K)
 Metaspace       used 105858K, capacity 108680K, committed 109004K, reserved 1142784K
  class space    used 13922K, capacity 14966K, committed 15052K, reserved 1048576K
}
Event: 28.478 GC heap after
{Heap after GC invocations=32 (full 0):
 garbage-first heap   total 284672K, used 244928K [0x0000000080000000, 0x0000000100000000)
  region size 1024K, 2 young (2048K), 2 survivors (2048K)
 Metaspace       used 105858K, capacity 108680K, committed 109004K, reserved 1142784K
  class space    used 13922K, capacity 14966K, committed 15052K, reserved 1048576K
}
Event: 28.578 GC heap before
{Heap before GC invocations=32 (full 0):
 garbage-first heap   total 284672K, used 255168K [0x0000000080000000, 0x0000000100000000)
  region size 1024K, 13 young (13312K), 2 survivors (2048K)
 Metaspace       used 105884K, capacity 108680K, committed 109004K, reserved 1142784K
  class space    used 13924K, capacity 14966K, committed 15052K, reserved 1048576K
}
Event: 28.587 GC heap after
{Heap after GC invocations=33 (full 0):
 garbage-first heap   total 284672K, used 250788K [0x0000000080000000, 0x0000000100000000)
  region size 1024K, 2 young (2048K), 2 survivors (2048K)
 Metaspace       used 105884K, capacity 108680K, committed 109004K, reserved 1142784K
  class space    used 13924K, capacity 14966K, committed 15052K, reserved 1048576K
}
Event: 28.628 GC heap before
{Heap before GC invocations=33 (full 0):
 garbage-first heap   total 284672K, used 262052K [0x0000000080000000, 0x0000000100000000)
  region size 1024K, 13 young (13312K), 2 survivors (2048K)
 Metaspace       used 105889K, capacity 108683K, committed 109004K, reserved 1142784K
  class space    used 13925K, capacity 14967K, committed 15052K, reserved 1048576K
}
Event: 28.636 GC heap after
{Heap after GC invocations=34 (full 0):
 garbage-first heap   total 284672K, used 256770K [0x0000000080000000, 0x0000000100000000)
  region size 1024K, 2 young (2048K), 2 survivors (2048K)
 Metaspace       used 105889K, capacity 108683K, committed 109004K, reserved 1142784K
  class space    used 13925K, capacity 14967K, committed 15052K, reserved 1048576K
}
Event: 28.819 GC heap before
{Heap before GC invocations=34 (full 0):
 garbage-first heap   total 284672K, used 267010K [0x0000000080000000, 0x0000000100000000)
  region size 1024K, 13 young (13312K), 2 survivors (2048K)
 Metaspace       used 105954K, capacity 108756K, committed 109004K, reserved 1142784K
  class space    used 13926K, capacity 14970K, committed 15052K, reserved 1048576K
}
Event: 28.829 GC heap after
{Heap after GC invocations=35 (full 0):
 garbage-first heap   total 364544K, used 261385K [0x0000000080000000, 0x0000000100000000)
  region size 1024K, 2 young (2048K), 2 survivors (2048K)
 Metaspace       used 105954K, capacity 108756K, committed 109004K, reserved 1142784K
  class space    used 13926K, capacity 14970K, committed 15052K, reserved 1048576K
}
Event: 29.052 GC heap before
{Heap before GC invocations=35 (full 0):
 garbage-first heap   total 364544K, used 283913K [0x0000000080000000, 0x0000000100000000)
  region size 1024K, 26 young (26624K), 2 survivors (2048K)
 Metaspace       used 105934K, capacity 108698K, committed 109004K, reserved 1142784K
  class space    used 13913K, capacity 14947K, committed 15052K, reserved 1048576K
}
Event: 29.068 GC heap after
{Heap after GC invocations=36 (full 0):
 garbage-first heap   total 364544K, used 272265K [0x0000000080000000, 0x0000000100000000)
  region size 1024K, 4 young (4096K), 4 survivors (4096K)
 Metaspace       used 105934K, capacity 108698K, committed 109004K, reserved 1142784K
  class space    used 13913K, capacity 14947K, committed 15052K, reserved 1048576K
}
Event: 29.168 GC heap before
{Heap before GC invocations=37 (full 0):
 garbage-first heap   total 364544K, used 294793K [0x0000000080000000, 0x0000000100000000)
  region size 1024K, 26 young (26624K), 4 survivors (4096K)
 Metaspace       used 105982K, capacity 108829K, committed 109004K, reserved 1142784K
  class space    used 13913K, capacity 14947K, committed 15052K, reserved 1048576K
}
Event: 29.189 GC heap after
{Heap after GC invocations=38 (full 0):
 garbage-first heap   total 364544K, used 284074K [0x0000000080000000, 0x0000000100000000)
  region size 1024K, 4 young (4096K), 4 survivors (4096K)
 Metaspace       used 105982K, capacity 108829K, committed 109004K, reserved 1142784K
  class space    used 13913K, capacity 14947K, committed 15052K, reserved 1048576K
}
Event: 29.256 GC heap before
{Heap before GC invocations=38 (full 0):
 garbage-first heap   total 364544K, used 302506K [0x0000000080000000, 0x0000000100000000)
  region size 1024K, 22 young (22528K), 4 survivors (4096K)
 Metaspace       used 105984K, capacity 108829K, committed 109004K, reserved 1142784K
  class space    used 13913K, capacity 14947K, committed 15052K, reserved 1048576K
}
Event: 29.270 GC heap after
{Heap after GC invocations=39 (full 0):
 garbage-first heap   total 364544K, used 293885K [0x0000000080000000, 0x0000000100000000)
  region size 1024K, 3 young (3072K), 3 survivors (3072K)
 Metaspace       used 105984K, capacity 108829K, committed 109004K, reserved 1142784K
  class space    used 13913K, capacity 14947K, committed 15052K, reserved 1048576K
}
Event: 29.712 GC heap before
{Heap before GC invocations=39 (full 0):
 garbage-first heap   total 364544K, used 308221K [0x0000000080000000, 0x0000000100000000)
  region size 1024K, 17 young (17408K), 3 survivors (3072K)
 Metaspace       used 106004K, capacity 108829K, committed 109004K, reserved 1142784K
  class space    used 13914K, capacity 14947K, committed 15052K, reserved 1048576K
}

