# JRE version: OpenJDK Runtime Environment (11.0.10) (build 11.0.10+0-b96-7249189)
# Java VM: OpenJDK 64-Bit Server VM (11.0.10+0-b96-7249189, mixed mode, tiered, compressed oops, g1 gc, windows-amd64)
Heap:
 garbage-first heap   total 448512K, used 390259K [0x0000000080000000, 0x0000000100000000)
  region size 1024K, 65 young (66560K), 2 survivors (2048K)
 Metaspace       used 137254K, capacity 141101K, committed 141384K, reserved 1173504K
  class space    used 16974K, capacity 18380K, committed 18432K, reserved 1048576K
GC Heap History (20 events):
Event: 65.518 GC heap before
{Heap before GC invocations=91 (full 0):
 garbage-first heap   total 448512K, used 386983K [0x0000000080000000, 0x0000000100000000)
  region size 1024K, 91 young (93184K), 6 survivors (6144K)
 Metaspace       used 137033K, capacity 140840K, committed 141128K, reserved 1171456K
  class space    used 16959K, capacity 18364K, committed 18432K, reserved 1048576K
}
Event: 65.529 GC heap after
{Heap after GC invocations=92 (full 0):
 garbage-first heap   total 448512K, used 304752K [0x0000000080000000, 0x0000000100000000)
  region size 1024K, 11 young (11264K), 11 survivors (11264K)
 Metaspace       used 137033K, capacity 140840K, committed 141128K, reserved 1171456K
  class space    used 16959K, capacity 18364K, committed 18432K, reserved 1048576K
}
Event: 66.448 GC heap before
{Heap before GC invocations=92 (full 0):
 garbage-first heap   total 448512K, used 389744K [0x0000000080000000, 0x0000000100000000)
  region size 1024K, 92 young (94208K), 11 survivors (11264K)
 Metaspace       used 137081K, capacity 140924K, committed 141128K, reserved 1171456K
  class space    used 16962K, capacity 18369K, committed 18432K, reserved 1048576K
}
Event: 66.460 GC heap after
{Heap after GC invocations=93 (full 0):
 garbage-first heap   total 448512K, used 309054K [0x0000000080000000, 0x0000000100000000)
  region size 1024K, 8 young (8192K), 8 survivors (8192K)
 Metaspace       used 137081K, capacity 140924K, committed 141128K, reserved 1171456K
  class space    used 16962K, capacity 18369K, committed 18432K, reserved 1048576K
}
Event: 67.386 GC heap before
{Heap before GC invocations=93 (full 0):
 garbage-first heap   total 448512K, used 397118K [0x0000000080000000, 0x0000000100000000)
  region size 1024K, 91 young (93184K), 8 survivors (8192K)
 Metaspace       used 137127K, capacity 140933K, committed 141128K, reserved 1171456K
  class space    used 16966K, capacity 18369K, committed 18432K, reserved 1048576K
}
Event: 67.397 GC heap after
{Heap after GC invocations=94 (full 0):
 garbage-first heap   total 448512K, used 307039K [0x0000000080000000, 0x0000000100000000)
  region size 1024K, 5 young (5120K), 5 survivors (5120K)
 Metaspace       used 137127K, capacity 140933K, committed 141128K, reserved 1171456K
  class space    used 16966K, capacity 18369K, committed 18432K, reserved 1048576K
}
Event: 67.983 GC heap before
{Heap before GC invocations=94 (full 0):
 garbage-first heap   total 448512K, used 389983K [0x0000000080000000, 0x0000000100000000)
  region size 1024K, 86 young (88064K), 5 survivors (5120K)
 Metaspace       used 137132K, capacity 140936K, committed 141128K, reserved 1171456K
  class space    used 16966K, capacity 18370K, committed 18432K, reserved 1048576K
}
Event: 67.992 GC heap after
{Heap after GC invocations=95 (full 0):
 garbage-first heap   total 448512K, used 309613K [0x0000000080000000, 0x0000000100000000)
  region size 1024K, 8 young (8192K), 8 survivors (8192K)
 Metaspace       used 137132K, capacity 140936K, committed 141128K, reserved 1171456K
  class space    used 16966K, capacity 18370K, committed 18432K, reserved 1048576K
}
Event: 68.487 GC heap before
{Heap before GC invocations=95 (full 0):
 garbage-first heap   total 448512K, used 390509K [0x0000000080000000, 0x0000000100000000)
  region size 1024K, 87 young (89088K), 8 survivors (8192K)
 Metaspace       used 137145K, capacity 141002K, committed 141128K, reserved 1171456K
  class space    used 16967K, capacity 18371K, committed 18432K, reserved 1048576K
}
Event: 68.495 GC heap after
{Heap after GC invocations=96 (full 0):
 garbage-first heap   total 448512K, used 311259K [0x0000000080000000, 0x0000000100000000)
  region size 1024K, 8 young (8192K), 8 survivors (8192K)
 Metaspace       used 137145K, capacity 141002K, committed 141128K, reserved 1171456K
  class space    used 16967K, capacity 18371K, committed 18432K, reserved 1048576K
}
Event: 68.989 GC heap before
{Heap before GC invocations=96 (full 0):
 garbage-first heap   total 448512K, used 390107K [0x0000000080000000, 0x0000000100000000)
  region size 1024K, 86 young (88064K), 8 survivors (8192K)
 Metaspace       used 137160K, capacity 141003K, committed 141128K, reserved 1171456K
  class space    used 16967K, capacity 18371K, committed 18432K, reserved 1048576K
}
Event: 69.001 GC heap after
{Heap after GC invocations=97 (full 0):
 garbage-first heap   total 448512K, used 315708K [0x0000000080000000, 0x0000000100000000)
  region size 1024K, 8 young (8192K), 8 survivors (8192K)
 Metaspace       used 137160K, capacity 141003K, committed 141128K, reserved 1171456K
  class space    used 16967K, capacity 18371K, committed 18432K, reserved 1048576K
}
Event: 69.698 GC heap before
{Heap before GC invocations=97 (full 0):
 garbage-first heap   total 448512K, used 390460K [0x0000000080000000, 0x0000000100000000)
  region size 1024K, 82 young (83968K), 8 survivors (8192K)
 Metaspace       used 137196K, capacity 141080K, committed 141384K, reserved 1173504K
  class space    used 16971K, capacity 18375K, committed 18432K, reserved 1048576K
}
Event: 69.709 GC heap after
{Heap after GC invocations=98 (full 0):
 garbage-first heap   total 448512K, used 317085K [0x0000000080000000, 0x0000000100000000)
  region size 1024K, 7 young (7168K), 7 survivors (7168K)
 Metaspace       used 137196K, capacity 141080K, committed 141384K, reserved 1173504K
  class space    used 16971K, capacity 18375K, committed 18432K, reserved 1048576K
}
Event: 70.789 GC heap before
{Heap before GC invocations=98 (full 0):
 garbage-first heap   total 448512K, used 390813K [0x0000000080000000, 0x0000000100000000)
  region size 1024K, 80 young (81920K), 7 survivors (7168K)
 Metaspace       used 137218K, capacity 141081K, committed 141384K, reserved 1173504K
  class space    used 16971K, capacity 18375K, committed 18432K, reserved 1048576K
}
Event: 70.800 GC heap after
{Heap after GC invocations=99 (full 0):
 garbage-first heap   total 448512K, used 318541K [0x0000000080000000, 0x0000000100000000)
  region size 1024K, 6 young (6144K), 6 survivors (6144K)
 Metaspace       used 137218K, capacity 141081K, committed 141384K, reserved 1173504K
  class space    used 16971K, capacity 18375K, committed 18432K, reserved 1048576K
}
Event: 71.531 GC heap before
{Heap before GC invocations=99 (full 0):
 garbage-first heap   total 448512K, used 395341K [0x0000000080000000, 0x0000000100000000)
  region size 1024K, 81 young (82944K), 6 survivors (6144K)
 Metaspace       used 137238K, capacity 141087K, committed 141384K, reserved 1173504K
  class space    used 16972K, capacity 18376K, committed 18432K, reserved 1048576K
}
Event: 71.539 GC heap after
{Heap after GC invocations=100 (full 0):
 garbage-first heap   total 448512K, used 322310K [0x0000000080000000, 0x0000000100000000)
  region size 1024K, 8 young (8192K), 8 survivors (8192K)
 Metaspace       used 137238K, capacity 141087K, committed 141384K, reserved 1173504K
  class space    used 16972K, capacity 18376K, committed 18432K, reserved 1048576K
}
Event: 72.212 GC heap before
{Heap before GC invocations=100 (full 0):
 garbage-first heap   total 448512K, used 390918K [0x0000000080000000, 0x0000000100000000)
  region size 1024K, 76 young (77824K), 8 survivors (8192K)
 Metaspace       used 137246K, capacity 141099K, committed 141384K, reserved 1173504K
  class space    used 16974K, capacity 18380K, committed 18432K, reserved 1048576K
}
Event: 72.223 GC heap after
{Heap after GC invocations=101 (full 0):
 garbage-first heap   total 448512K, used 325747K [0x0000000080000000, 0x0000000100000000)
  region size 1024K, 8 young (8192K), 8 survivors (8192K)
 Metaspace       used 137246K, capacity 141099K, committed 141384K, reserved 1173504K
  class space    used 16974K, capacity 18380K, committed 18432K, reserved 1048576K
}

