# JRE version: OpenJDK Runtime Environment (11.0.10) (build 11.0.10+0-b96-7249189)
# Java VM: OpenJDK 64-Bit Server VM (11.0.10+0-b96-7249189, mixed mode, tiered, compressed oops, g1 gc, windows-amd64)
Heap:
 garbage-first heap   total 262144K, used 107102K [0x0000000080000000, 0x0000000100000000)
  region size 1024K, 18 young (18432K), 15 survivors (15360K)
 Metaspace       used 97621K, capacity 100054K, committed 100132K, reserved 1136640K
  class space    used 12553K, capacity 13427K, committed 13440K, reserved 1048576K
GC Heap History (20 events):
Event: 2.826 GC heap before
{Heap before GC invocations=3 (full 0):
 garbage-first heap   total 262144K, used 77000K [0x0000000080000000, 0x0000000100000000)
  region size 1024K, 68 young (69632K), 4 survivors (4096K)
 Metaspace       used 20575K, capacity 21131K, committed 21248K, reserved 1067008K
  class space    used 2511K, capacity 2733K, committed 2816K, reserved 1048576K
}
Event: 2.832 GC heap after
{Heap after GC invocations=4 (full 0):
 garbage-first heap   total 262144K, used 17051K [0x0000000080000000, 0x0000000100000000)
  region size 1024K, 9 young (9216K), 9 survivors (9216K)
 Metaspace       used 20575K, capacity 21131K, committed 21248K, reserved 1067008K
  class space    used 2511K, capacity 2733K, committed 2816K, reserved 1048576K
}
Event: 3.960 GC heap before
{Heap before GC invocations=5 (full 0):
 garbage-first heap   total 262144K, used 130715K [0x0000000080000000, 0x0000000100000000)
  region size 1024K, 110 young (112640K), 9 survivors (9216K)
 Metaspace       used 30336K, capacity 31124K, committed 31360K, reserved 1077248K
  class space    used 4096K, capacity 4385K, committed 4480K, reserved 1048576K
}
Event: 3.968 GC heap after
{Heap after GC invocations=6 (full 0):
 garbage-first heap   total 262144K, used 33682K [0x0000000080000000, 0x0000000100000000)
  region size 1024K, 14 young (14336K), 14 survivors (14336K)
 Metaspace       used 30336K, capacity 31124K, committed 31360K, reserved 1077248K
  class space    used 4096K, capacity 4385K, committed 4480K, reserved 1048576K
}
Event: 4.269 GC heap before
{Heap before GC invocations=6 (full 0):
 garbage-first heap   total 262144K, used 49042K [0x0000000080000000, 0x0000000100000000)
  region size 1024K, 31 young (31744K), 14 survivors (14336K)
 Metaspace       used 34853K, capacity 35735K, committed 35840K, reserved 1081344K
  class space    used 4562K, capacity 4899K, committed 4992K, reserved 1048576K
}
Event: 4.278 GC heap after
{Heap after GC invocations=7 (full 0):
 garbage-first heap   total 262144K, used 36162K [0x0000000080000000, 0x0000000100000000)
  region size 1024K, 9 young (9216K), 9 survivors (9216K)
 Metaspace       used 34853K, capacity 35735K, committed 35840K, reserved 1081344K
  class space    used 4562K, capacity 4899K, committed 4992K, reserved 1048576K
}
Event: 5.524 GC heap before
{Heap before GC invocations=8 (full 0):
 garbage-first heap   total 262144K, used 163138K [0x0000000080000000, 0x0000000100000000)
  region size 1024K, 122 young (124928K), 9 survivors (9216K)
 Metaspace       used 45081K, capacity 46266K, committed 46336K, reserved 1089536K
  class space    used 5697K, capacity 6119K, committed 6144K, reserved 1048576K
}
Event: 5.542 GC heap after
{Heap after GC invocations=9 (full 0):
 garbage-first heap   total 262144K, used 53715K [0x0000000080000000, 0x0000000100000000)
  region size 1024K, 16 young (16384K), 16 survivors (16384K)
 Metaspace       used 45081K, capacity 46266K, committed 46336K, reserved 1089536K
  class space    used 5697K, capacity 6119K, committed 6144K, reserved 1048576K
}
Event: 6.965 GC heap before
{Heap before GC invocations=10 (full 0):
 garbage-first heap   total 262144K, used 185811K [0x0000000080000000, 0x0000000100000000)
  region size 1024K, 138 young (141312K), 16 survivors (16384K)
 Metaspace       used 51647K, capacity 53247K, committed 53504K, reserved 1095680K
  class space    used 6588K, capacity 7108K, committed 7168K, reserved 1048576K
}
Event: 6.982 GC heap after
{Heap after GC invocations=11 (full 0):
 garbage-first heap   total 262144K, used 72653K [0x0000000080000000, 0x0000000100000000)
  region size 1024K, 18 young (18432K), 18 survivors (18432K)
 Metaspace       used 51647K, capacity 53247K, committed 53504K, reserved 1095680K
  class space    used 6588K, capacity 7108K, committed 7168K, reserved 1048576K
}
Event: 8.410 GC heap before
{Heap before GC invocations=11 (full 0):
 garbage-first heap   total 262144K, used 191437K [0x0000000080000000, 0x0000000100000000)
  region size 1024K, 134 young (137216K), 18 survivors (18432K)
 Metaspace       used 65880K, capacity 67723K, committed 67968K, reserved 1107968K
  class space    used 8380K, capacity 8998K, committed 9088K, reserved 1048576K
}
Event: 8.426 GC heap after
{Heap after GC invocations=12 (full 0):
 garbage-first heap   total 262144K, used 80883K [0x0000000080000000, 0x0000000100000000)
  region size 1024K, 8 young (8192K), 8 survivors (8192K)
 Metaspace       used 65880K, capacity 67723K, committed 67968K, reserved 1107968K
  class space    used 8380K, capacity 8998K, committed 9088K, reserved 1048576K
}
Event: 9.517 GC heap before
{Heap before GC invocations=12 (full 0):
 garbage-first heap   total 262144K, used 197619K [0x0000000080000000, 0x0000000100000000)
  region size 1024K, 122 young (124928K), 8 survivors (8192K)
 Metaspace       used 73645K, capacity 75601K, committed 75776K, reserved 1114112K
  class space    used 9510K, capacity 10163K, committed 10240K, reserved 1048576K
}
Event: 9.531 GC heap after
{Heap after GC invocations=13 (full 0):
 garbage-first heap   total 262144K, used 89449K [0x0000000080000000, 0x0000000100000000)
  region size 1024K, 16 young (16384K), 16 survivors (16384K)
 Metaspace       used 73645K, capacity 75601K, committed 75776K, reserved 1114112K
  class space    used 9510K, capacity 10163K, committed 10240K, reserved 1048576K
}
Event: 9.797 GC heap before
{Heap before GC invocations=13 (full 0):
 garbage-first heap   total 262144K, used 124265K [0x0000000080000000, 0x0000000100000000)
  region size 1024K, 51 young (52224K), 16 survivors (16384K)
 Metaspace       used 75570K, capacity 77479K, committed 77568K, reserved 1116160K
  class space    used 9798K, capacity 10470K, committed 10496K, reserved 1048576K
}
Event: 9.812 GC heap after
{Heap after GC invocations=14 (full 0):
 garbage-first heap   total 262144K, used 90706K [0x0000000080000000, 0x0000000100000000)
  region size 1024K, 2 young (2048K), 2 survivors (2048K)
 Metaspace       used 75570K, capacity 77479K, committed 77568K, reserved 1116160K
  class space    used 9798K, capacity 10470K, committed 10496K, reserved 1048576K
}
Event: 11.370 GC heap before
{Heap before GC invocations=15 (full 0):
 garbage-first heap   total 262144K, used 199250K [0x0000000080000000, 0x0000000100000000)
  region size 1024K, 108 young (110592K), 2 survivors (2048K)
 Metaspace       used 84920K, capacity 87123K, committed 87204K, reserved 1124352K
  class space    used 10987K, capacity 11745K, committed 11776K, reserved 1048576K
}
Event: 11.381 GC heap after
{Heap after GC invocations=16 (full 0):
 garbage-first heap   total 262144K, used 96504K [0x0000000080000000, 0x0000000100000000)
  region size 1024K, 8 young (8192K), 8 survivors (8192K)
 Metaspace       used 84920K, capacity 87123K, committed 87204K, reserved 1124352K
  class space    used 10987K, capacity 11745K, committed 11776K, reserved 1048576K
}
Event: 14.485 GC heap before
{Heap before GC invocations=17 (full 0):
 garbage-first heap   total 262144K, used 203000K [0x0000000080000000, 0x0000000100000000)
  region size 1024K, 113 young (115712K), 8 survivors (8192K)
 Metaspace       used 97550K, capacity 100038K, committed 100132K, reserved 1136640K
  class space    used 12548K, capacity 13422K, committed 13440K, reserved 1048576K
}
Event: 14.505 GC heap after
{Heap after GC invocations=18 (full 0):
 garbage-first heap   total 262144K, used 105054K [0x0000000080000000, 0x0000000100000000)
  region size 1024K, 15 young (15360K), 15 survivors (15360K)
 Metaspace       used 97550K, capacity 100038K, committed 100132K, reserved 1136640K
  class space    used 12548K, capacity 13422K, committed 13440K, reserved 1048576K
}

