# JRE version: OpenJDK Runtime Environment (11.0.10) (build 11.0.10+0-b96-7249189)
# Java VM: OpenJDK 64-Bit Server VM (11.0.10+0-b96-7249189, mixed mode, tiered, compressed oops, g1 gc, windows-amd64)
Heap:
 garbage-first heap   total 378880K, used 253168K [0x0000000701000000, 0x0000000800000000)
  region size 1024K, 168 young (172032K), 4 survivors (4096K)
 Metaspace       used 85153K, capacity 86004K, committed 86296K, reserved 1126400K
  class space    used 8887K, capacity 9242K, committed 9292K, reserved 1048576K
GC Heap History (20 events):
Event: 0.392 GC heap before
{Heap before GC invocations=0 (full 0):
 garbage-first heap   total 262144K, used 17408K [0x0000000701000000, 0x0000000800000000)
  region size 1024K, 14 young (14336K), 0 survivors (0K)
 Metaspace       used 9763K, capacity 9871K, committed 10112K, reserved 1058816K
  class space    used 827K, capacity 884K, committed 896K, reserved 1048576K
}
Event: 0.395 GC heap after
{Heap after GC invocations=1 (full 0):
 garbage-first heap   total 262144K, used 5622K [0x0000000701000000, 0x0000000800000000)
  region size 1024K, 2 young (2048K), 2 survivors (2048K)
 Metaspace       used 9763K, capacity 9871K, committed 10112K, reserved 1058816K
  class space    used 827K, capacity 884K, committed 896K, reserved 1048576K
}
Event: 1.221 GC heap before
{Heap before GC invocations=1 (full 0):
 garbage-first heap   total 262144K, used 51702K [0x0000000701000000, 0x0000000800000000)
  region size 1024K, 48 young (49152K), 2 survivors (2048K)
 Metaspace       used 20970K, capacity 21163K, committed 21248K, reserved 1069056K
  class space    used 2201K, capacity 2262K, committed 2304K, reserved 1048576K
}
Event: 1.232 GC heap after
{Heap after GC invocations=2 (full 0):
 garbage-first heap   total 262144K, used 9415K [0x0000000701000000, 0x0000000800000000)
  region size 1024K, 6 young (6144K), 6 survivors (6144K)
 Metaspace       used 20970K, capacity 21163K, committed 21248K, reserved 1069056K
  class space    used 2201K, capacity 2262K, committed 2304K, reserved 1048576K
}
Event: 2.193 GC heap before
{Heap before GC invocations=3 (full 0):
 garbage-first heap   total 262144K, used 64711K [0x0000000701000000, 0x0000000800000000)
  region size 1024K, 52 young (53248K), 6 survivors (6144K)
 Metaspace       used 30457K, capacity 30938K, committed 31232K, reserved 1077248K
  class space    used 3568K, capacity 3745K, committed 3840K, reserved 1048576K
}
Event: 2.204 GC heap after
{Heap after GC invocations=4 (full 0):
 garbage-first heap   total 262144K, used 24236K [0x0000000701000000, 0x0000000800000000)
  region size 1024K, 7 young (7168K), 7 survivors (7168K)
 Metaspace       used 30457K, capacity 30938K, committed 31232K, reserved 1077248K
  class space    used 3568K, capacity 3745K, committed 3840K, reserved 1048576K
}
Event: 2.693 GC heap before
{Heap before GC invocations=4 (full 0):
 garbage-first heap   total 262144K, used 61100K [0x0000000701000000, 0x0000000800000000)
  region size 1024K, 40 young (40960K), 7 survivors (7168K)
 Metaspace       used 35199K, capacity 35671K, committed 35840K, reserved 1081344K
  class space    used 4095K, capacity 4296K, committed 4352K, reserved 1048576K
}
Event: 2.711 GC heap after
{Heap after GC invocations=5 (full 0):
 garbage-first heap   total 262144K, used 25600K [0x0000000701000000, 0x0000000800000000)
  region size 1024K, 4 young (4096K), 4 survivors (4096K)
 Metaspace       used 35199K, capacity 35671K, committed 35840K, reserved 1081344K
  class space    used 4095K, capacity 4296K, committed 4352K, reserved 1048576K
}
Event: 3.834 GC heap before
{Heap before GC invocations=6 (full 0):
 garbage-first heap   total 262144K, used 83968K [0x0000000701000000, 0x0000000800000000)
  region size 1024K, 59 young (60416K), 4 survivors (4096K)
 Metaspace       used 46980K, capacity 47503K, committed 47744K, reserved 1091584K
  class space    used 5515K, capacity 5695K, committed 5760K, reserved 1048576K
}
Event: 3.845 GC heap after
{Heap after GC invocations=7 (full 0):
 garbage-first heap   total 315392K, used 33555K [0x0000000701000000, 0x0000000800000000)
  region size 1024K, 8 young (8192K), 8 survivors (8192K)
 Metaspace       used 46980K, capacity 47503K, committed 47744K, reserved 1091584K
  class space    used 5515K, capacity 5695K, committed 5760K, reserved 1048576K
}
Event: 4.951 GC heap before
{Heap before GC invocations=7 (full 0):
 garbage-first heap   total 315392K, used 99091K [0x0000000701000000, 0x0000000800000000)
  region size 1024K, 71 young (72704K), 8 survivors (8192K)
 Metaspace       used 51430K, capacity 52054K, committed 52224K, reserved 1095680K
  class space    used 5918K, capacity 6136K, committed 6144K, reserved 1048576K
}
Event: 4.966 GC heap after
{Heap after GC invocations=8 (full 0):
 garbage-first heap   total 315392K, used 41848K [0x0000000701000000, 0x0000000800000000)
  region size 1024K, 8 young (8192K), 8 survivors (8192K)
 Metaspace       used 51430K, capacity 52054K, committed 52224K, reserved 1095680K
  class space    used 5918K, capacity 6136K, committed 6144K, reserved 1048576K
}
Event: 7.370 GC heap before
{Heap before GC invocations=8 (full 0):
 garbage-first heap   total 315392K, used 126840K [0x0000000701000000, 0x0000000800000000)
  region size 1024K, 91 young (93184K), 8 survivors (8192K)
 Metaspace       used 57151K, capacity 57904K, committed 58112K, reserved 1099776K
  class space    used 6527K, capacity 6823K, committed 6912K, reserved 1048576K
}
Event: 7.396 GC heap after
{Heap after GC invocations=9 (full 0):
 garbage-first heap   total 315392K, used 54272K [0x0000000701000000, 0x0000000800000000)
  region size 1024K, 12 young (12288K), 12 survivors (12288K)
 Metaspace       used 57151K, capacity 57904K, committed 58112K, reserved 1099776K
  class space    used 6527K, capacity 6823K, committed 6912K, reserved 1048576K
}
Event: 8.539 GC heap before
{Heap before GC invocations=9 (full 0):
 garbage-first heap   total 315392K, used 76800K [0x0000000701000000, 0x0000000800000000)
  region size 1024K, 35 young (35840K), 12 survivors (12288K)
 Metaspace       used 59452K, capacity 60152K, committed 60160K, reserved 1101824K
  class space    used 6726K, capacity 7033K, committed 7040K, reserved 1048576K
}
Event: 8.558 GC heap after
{Heap after GC invocations=10 (full 0):
 garbage-first heap   total 315392K, used 59743K [0x0000000701000000, 0x0000000800000000)
  region size 1024K, 5 young (5120K), 5 survivors (5120K)
 Metaspace       used 59452K, capacity 60152K, committed 60160K, reserved 1101824K
  class space    used 6726K, capacity 7033K, committed 7040K, reserved 1048576K
}
Event: 15.679 GC heap before
{Heap before GC invocations=11 (full 0):
 garbage-first heap   total 315392K, used 168287K [0x0000000701000000, 0x0000000800000000)
  region size 1024K, 110 young (112640K), 5 survivors (5120K)
 Metaspace       used 66331K, capacity 67139K, committed 67224K, reserved 1110016K
  class space    used 7235K, capacity 7563K, committed 7628K, reserved 1048576K
}
Event: 15.703 GC heap after
{Heap after GC invocations=12 (full 0):
 garbage-first heap   total 378880K, used 72704K [0x0000000701000000, 0x0000000800000000)
  region size 1024K, 14 young (14336K), 14 survivors (14336K)
 Metaspace       used 66331K, capacity 67139K, committed 67224K, reserved 1110016K
  class space    used 7235K, capacity 7563K, committed 7628K, reserved 1048576K
}
Event: 23.775 GC heap before
{Heap before GC invocations=13 (full 0):
 garbage-first heap   total 378880K, used 236544K [0x0000000701000000, 0x0000000800000000)
  region size 1024K, 174 young (178176K), 14 survivors (14336K)
 Metaspace       used 76016K, capacity 76816K, committed 76952K, reserved 1118208K
  class space    used 8184K, capacity 8527K, committed 8652K, reserved 1048576K
}
Event: 23.808 GC heap after
{Heap after GC invocations=14 (full 0):
 garbage-first heap   total 378880K, used 85232K [0x0000000701000000, 0x0000000800000000)
  region size 1024K, 12 young (12288K), 12 survivors (12288K)
 Metaspace       used 76016K, capacity 76816K, committed 76952K, reserved 1118208K
  class space    used 8184K, capacity 8527K, committed 8652K, reserved 1048576K
}

