# JRE version: OpenJDK Runtime Environment (11.0.10) (build 11.0.10+0-b96-7249189)
# Java VM: OpenJDK 64-Bit Server VM (11.0.10+0-b96-7249189, mixed mode, tiered, compressed oops, g1 gc, windows-amd64)
Heap:
 garbage-first heap   total 262144K, used 142561K [0x0000000080000000, 0x0000000100000000)
  region size 1024K, 13 young (13312K), 2 survivors (2048K)
 Metaspace       used 140308K, capacity 145329K, committed 145432K, reserved 1175552K
  class space    used 17220K, capacity 19021K, committed 19072K, reserved 1048576K
GC Heap History (20 events):
Event: 3753.596 GC heap before
{Heap before GC invocations=129 (full 0):
 garbage-first heap   total 262144K, used 164864K [0x0000000080000000, 0x0000000100000000)
  region size 1024K, 22 young (22528K), 2 survivors (2048K)
 Metaspace       used 139957K, capacity 144972K, committed 145432K, reserved 1175552K
  class space    used 17210K, capacity 19002K, committed 19072K, reserved 1048576K
}
Event: 3753.627 GC heap after
{Heap after GC invocations=130 (full 0):
 garbage-first heap   total 262144K, used 152789K [0x0000000080000000, 0x0000000100000000)
  region size 1024K, 8 young (8192K), 8 survivors (8192K)
 Metaspace       used 139957K, capacity 144972K, committed 145432K, reserved 1175552K
  class space    used 17210K, capacity 19002K, committed 19072K, reserved 1048576K
}
Event: 4133.465 GC heap before
{Heap before GC invocations=131 (full 0):
 garbage-first heap   total 262144K, used 219349K [0x0000000080000000, 0x0000000100000000)
  region size 1024K, 54 young (55296K), 8 survivors (8192K)
 Metaspace       used 140093K, capacity 145104K, committed 145432K, reserved 1175552K
  class space    used 17217K, capacity 19015K, committed 19072K, reserved 1048576K
}
Event: 4133.505 GC heap after
{Heap after GC invocations=132 (full 0):
 garbage-first heap   total 262144K, used 145794K [0x0000000080000000, 0x0000000100000000)
  region size 1024K, 2 young (2048K), 2 survivors (2048K)
 Metaspace       used 140093K, capacity 145104K, committed 145432K, reserved 1175552K
  class space    used 17217K, capacity 19015K, committed 19072K, reserved 1048576K
}
Event: 4133.797 GC heap before
{Heap before GC invocations=132 (full 0):
 garbage-first heap   total 262144K, used 155010K [0x0000000080000000, 0x0000000100000000)
  region size 1024K, 12 young (12288K), 2 survivors (2048K)
 Metaspace       used 140096K, capacity 145104K, committed 145432K, reserved 1175552K
  class space    used 17217K, capacity 19015K, committed 19072K, reserved 1048576K
}
Event: 4133.809 GC heap after
{Heap after GC invocations=133 (full 0):
 garbage-first heap   total 262144K, used 139158K [0x0000000080000000, 0x0000000100000000)
  region size 1024K, 1 young (1024K), 1 survivors (1024K)
 Metaspace       used 140096K, capacity 145104K, committed 145432K, reserved 1175552K
  class space    used 17217K, capacity 19015K, committed 19072K, reserved 1048576K
}
Event: 4134.198 GC heap before
{Heap before GC invocations=133 (full 0):
 garbage-first heap   total 262144K, used 189334K [0x0000000080000000, 0x0000000100000000)
  region size 1024K, 51 young (52224K), 1 survivors (1024K)
 Metaspace       used 140162K, capacity 145235K, committed 145432K, reserved 1175552K
  class space    used 17217K, capacity 19015K, committed 19072K, reserved 1048576K
}
Event: 4134.224 GC heap after
{Heap after GC invocations=134 (full 0):
 garbage-first heap   total 262144K, used 144725K [0x0000000080000000, 0x0000000100000000)
  region size 1024K, 7 young (7168K), 7 survivors (7168K)
 Metaspace       used 140162K, capacity 145235K, committed 145432K, reserved 1175552K
  class space    used 17217K, capacity 19015K, committed 19072K, reserved 1048576K
}
Event: 4134.754 GC heap before
{Heap before GC invocations=135 (full 0):
 garbage-first heap   total 262144K, used 211285K [0x0000000080000000, 0x0000000100000000)
  region size 1024K, 61 young (62464K), 7 survivors (7168K)
 Metaspace       used 140211K, capacity 145299K, committed 145432K, reserved 1175552K
  class space    used 17217K, capacity 19015K, committed 19072K, reserved 1048576K
}
Event: 4134.768 GC heap after
{Heap after GC invocations=136 (full 0):
 garbage-first heap   total 262144K, used 138985K [0x0000000080000000, 0x0000000100000000)
  region size 1024K, 2 young (2048K), 2 survivors (2048K)
 Metaspace       used 140211K, capacity 145299K, committed 145432K, reserved 1175552K
  class space    used 17217K, capacity 19015K, committed 19072K, reserved 1048576K
}
Event: 4134.926 GC heap before
{Heap before GC invocations=136 (full 0):
 garbage-first heap   total 262144K, used 148201K [0x0000000080000000, 0x0000000100000000)
  region size 1024K, 12 young (12288K), 2 survivors (2048K)
 Metaspace       used 140237K, capacity 145311K, committed 145432K, reserved 1175552K
  class space    used 17218K, capacity 19017K, committed 19072K, reserved 1048576K
}
Event: 4134.940 GC heap after
{Heap after GC invocations=137 (full 0):
 garbage-first heap   total 262144K, used 122400K [0x0000000080000000, 0x0000000100000000)
  region size 1024K, 2 young (2048K), 2 survivors (2048K)
 Metaspace       used 140237K, capacity 145311K, committed 145432K, reserved 1175552K
  class space    used 17218K, capacity 19017K, committed 19072K, reserved 1048576K
}
Event: 4136.649 GC heap before
{Heap before GC invocations=137 (full 0):
 garbage-first heap   total 262144K, used 188960K [0x0000000080000000, 0x0000000100000000)
  region size 1024K, 68 young (69632K), 2 survivors (2048K)
 Metaspace       used 140256K, capacity 145317K, committed 145432K, reserved 1175552K
  class space    used 17219K, capacity 19018K, committed 19072K, reserved 1048576K
}
Event: 4136.670 GC heap after
{Heap after GC invocations=138 (full 0):
 garbage-first heap   total 262144K, used 130912K [0x0000000080000000, 0x0000000100000000)
  region size 1024K, 9 young (9216K), 9 survivors (9216K)
 Metaspace       used 140256K, capacity 145317K, committed 145432K, reserved 1175552K
  class space    used 17219K, capacity 19018K, committed 19072K, reserved 1048576K
}
Event: 4143.267 GC heap before
{Heap before GC invocations=139 (full 0):
 garbage-first heap   total 262144K, used 196448K [0x0000000080000000, 0x0000000100000000)
  region size 1024K, 73 young (74752K), 9 survivors (9216K)
 Metaspace       used 140277K, capacity 145321K, committed 145432K, reserved 1175552K
  class space    used 17219K, capacity 19019K, committed 19072K, reserved 1048576K
}
Event: 4143.283 GC heap after
{Heap after GC invocations=140 (full 0):
 garbage-first heap   total 262144K, used 130900K [0x0000000080000000, 0x0000000100000000)
  region size 1024K, 3 young (3072K), 3 survivors (3072K)
 Metaspace       used 140277K, capacity 145321K, committed 145432K, reserved 1175552K
  class space    used 17219K, capacity 19019K, committed 19072K, reserved 1048576K
}
Event: 4143.759 GC heap before
{Heap before GC invocations=140 (full 0):
 garbage-first heap   total 262144K, used 139092K [0x0000000080000000, 0x0000000100000000)
  region size 1024K, 12 young (12288K), 3 survivors (3072K)
 Metaspace       used 140291K, capacity 145328K, committed 145432K, reserved 1175552K
  class space    used 17220K, capacity 19021K, committed 19072K, reserved 1048576K
}
Event: 4143.768 GC heap after
{Heap after GC invocations=141 (full 0):
 garbage-first heap   total 262144K, used 129903K [0x0000000080000000, 0x0000000100000000)
  region size 1024K, 2 young (2048K), 2 survivors (2048K)
 Metaspace       used 140291K, capacity 145328K, committed 145432K, reserved 1175552K
  class space    used 17220K, capacity 19021K, committed 19072K, reserved 1048576K
}
Event: 4143.839 GC heap before
{Heap before GC invocations=141 (full 0):
 garbage-first heap   total 262144K, used 130927K [0x0000000080000000, 0x0000000100000000)
  region size 1024K, 4 young (4096K), 2 survivors (2048K)
 Metaspace       used 140308K, capacity 145329K, committed 145432K, reserved 1175552K
  class space    used 17220K, capacity 19021K, committed 19072K, reserved 1048576K
}
Event: 4143.844 GC heap after
{Heap after GC invocations=142 (full 0):
 garbage-first heap   total 262144K, used 130273K [0x0000000080000000, 0x0000000100000000)
  region size 1024K, 2 young (2048K), 2 survivors (2048K)
 Metaspace       used 140308K, capacity 145329K, committed 145432K, reserved 1175552K
  class space    used 17220K, capacity 19021K, committed 19072K, reserved 1048576K
}

