# JRE version: OpenJDK Runtime Environment (11.0.10) (build 11.0.10+0-b96-7249189)
# Java VM: OpenJDK 64-Bit Server VM (11.0.10+0-b96-7249189, mixed mode, tiered, compressed oops, g1 gc, windows-amd64)
Heap:
 garbage-first heap   total 262144K, used 136112K [0x0000000080000000, 0x0000000100000000)
  region size 1024K, 10 young (10240K), 6 survivors (6144K)
 Metaspace       used 102132K, capacity 104733K, committed 105080K, reserved 1140736K
  class space    used 13168K, capacity 14159K, committed 14284K, reserved 1048576K
GC Heap History (20 events):
Event: 37.237 GC heap before
{Heap before GC invocations=25 (full 0):
 garbage-first heap   total 262144K, used 211248K [0x0000000080000000, 0x0000000100000000)
  region size 1024K, 86 young (88064K), 6 survivors (6144K)
 Metaspace       used 101651K, capacity 104267K, committed 104568K, reserved 1140736K
  class space    used 13151K, capacity 14149K, committed 14284K, reserved 1048576K
}
Event: 37.248 GC heap after
{Heap after GC invocations=26 (full 0):
 garbage-first heap   total 262144K, used 129808K [0x0000000080000000, 0x0000000100000000)
  region size 1024K, 7 young (7168K), 7 survivors (7168K)
 Metaspace       used 101651K, capacity 104267K, committed 104568K, reserved 1140736K
  class space    used 13151K, capacity 14149K, committed 14284K, reserved 1048576K
}
Event: 37.809 GC heap before
{Heap before GC invocations=26 (full 0):
 garbage-first heap   total 262144K, used 213776K [0x0000000080000000, 0x0000000100000000)
  region size 1024K, 89 young (91136K), 7 survivors (7168K)
 Metaspace       used 101680K, capacity 104334K, committed 104568K, reserved 1140736K
  class space    used 13151K, capacity 14149K, committed 14284K, reserved 1048576K
}
Event: 37.823 GC heap after
{Heap after GC invocations=27 (full 0):
 garbage-first heap   total 262144K, used 129831K [0x0000000080000000, 0x0000000100000000)
  region size 1024K, 7 young (7168K), 7 survivors (7168K)
 Metaspace       used 101680K, capacity 104334K, committed 104568K, reserved 1140736K
  class space    used 13151K, capacity 14149K, committed 14284K, reserved 1048576K
}
Event: 38.721 GC heap before
{Heap before GC invocations=28 (full 0):
 garbage-first heap   total 262144K, used 215847K [0x0000000080000000, 0x0000000100000000)
  region size 1024K, 91 young (93184K), 7 survivors (7168K)
 Metaspace       used 101731K, capacity 104339K, committed 104568K, reserved 1140736K
  class space    used 13157K, capacity 14149K, committed 14284K, reserved 1048576K
}
Event: 38.733 GC heap after
{Heap after GC invocations=29 (full 0):
 garbage-first heap   total 262144K, used 130579K [0x0000000080000000, 0x0000000100000000)
  region size 1024K, 4 young (4096K), 4 survivors (4096K)
 Metaspace       used 101731K, capacity 104339K, committed 104568K, reserved 1140736K
  class space    used 13157K, capacity 14149K, committed 14284K, reserved 1048576K
}
Event: 39.801 GC heap before
{Heap before GC invocations=29 (full 0):
 garbage-first heap   total 262144K, used 218643K [0x0000000080000000, 0x0000000100000000)
  region size 1024K, 90 young (92160K), 4 survivors (4096K)
 Metaspace       used 101763K, capacity 104339K, committed 104568K, reserved 1140736K
  class space    used 13157K, capacity 14149K, committed 14284K, reserved 1048576K
}
Event: 39.808 GC heap after
{Heap after GC invocations=30 (full 0):
 garbage-first heap   total 262144K, used 130873K [0x0000000080000000, 0x0000000100000000)
  region size 1024K, 4 young (4096K), 4 survivors (4096K)
 Metaspace       used 101763K, capacity 104339K, committed 104568K, reserved 1140736K
  class space    used 13157K, capacity 14149K, committed 14284K, reserved 1048576K
}
Event: 40.773 GC heap before
{Heap before GC invocations=31 (full 0):
 garbage-first heap   total 262144K, used 220985K [0x0000000080000000, 0x0000000100000000)
  region size 1024K, 92 young (94208K), 4 survivors (4096K)
 Metaspace       used 101874K, capacity 104494K, committed 104824K, reserved 1140736K
  class space    used 13159K, capacity 14151K, committed 14284K, reserved 1048576K
}
Event: 40.781 GC heap after
{Heap after GC invocations=32 (full 0):
 garbage-first heap   total 262144K, used 131807K [0x0000000080000000, 0x0000000100000000)
  region size 1024K, 5 young (5120K), 5 survivors (5120K)
 Metaspace       used 101874K, capacity 104494K, committed 104824K, reserved 1140736K
  class space    used 13159K, capacity 14151K, committed 14284K, reserved 1048576K
}
Event: 42.563 GC heap before
{Heap before GC invocations=32 (full 0):
 garbage-first heap   total 262144K, used 221919K [0x0000000080000000, 0x0000000100000000)
  region size 1024K, 93 young (95232K), 5 survivors (5120K)
 Metaspace       used 102019K, capacity 104653K, committed 104824K, reserved 1140736K
  class space    used 13161K, capacity 14155K, committed 14284K, reserved 1048576K
}
Event: 42.571 GC heap after
{Heap after GC invocations=33 (full 0):
 garbage-first heap   total 262144K, used 131587K [0x0000000080000000, 0x0000000100000000)
  region size 1024K, 5 young (5120K), 5 survivors (5120K)
 Metaspace       used 102019K, capacity 104653K, committed 104824K, reserved 1140736K
  class space    used 13161K, capacity 14155K, committed 14284K, reserved 1048576K
}
Event: 44.197 GC heap before
{Heap before GC invocations=34 (full 0):
 garbage-first heap   total 262144K, used 223747K [0x0000000080000000, 0x0000000100000000)
  region size 1024K, 95 young (97280K), 5 survivors (5120K)
 Metaspace       used 102056K, capacity 104662K, committed 104824K, reserved 1140736K
  class space    used 13163K, capacity 14158K, committed 14284K, reserved 1048576K
}
Event: 44.208 GC heap after
{Heap after GC invocations=35 (full 0):
 garbage-first heap   total 262144K, used 131610K [0x0000000080000000, 0x0000000100000000)
  region size 1024K, 5 young (5120K), 5 survivors (5120K)
 Metaspace       used 102056K, capacity 104662K, committed 104824K, reserved 1140736K
  class space    used 13163K, capacity 14158K, committed 14284K, reserved 1048576K
}
Event: 45.324 GC heap before
{Heap before GC invocations=35 (full 0):
 garbage-first heap   total 262144K, used 224794K [0x0000000080000000, 0x0000000100000000)
  region size 1024K, 96 young (98304K), 5 survivors (5120K)
 Metaspace       used 102091K, capacity 104665K, committed 104824K, reserved 1140736K
  class space    used 13167K, capacity 14158K, committed 14284K, reserved 1048576K
}
Event: 45.332 GC heap after
{Heap after GC invocations=36 (full 0):
 garbage-first heap   total 262144K, used 132879K [0x0000000080000000, 0x0000000100000000)
  region size 1024K, 6 young (6144K), 6 survivors (6144K)
 Metaspace       used 102091K, capacity 104665K, committed 104824K, reserved 1140736K
  class space    used 13167K, capacity 14158K, committed 14284K, reserved 1048576K
}
Event: 46.505 GC heap before
{Heap before GC invocations=37 (full 0):
 garbage-first heap   total 262144K, used 226063K [0x0000000080000000, 0x0000000100000000)
  region size 1024K, 97 young (99328K), 6 survivors (6144K)
 Metaspace       used 102117K, capacity 104733K, committed 105080K, reserved 1140736K
  class space    used 13168K, capacity 14159K, committed 14284K, reserved 1048576K
}
Event: 46.516 GC heap after
{Heap after GC invocations=38 (full 0):
 garbage-first heap   total 262144K, used 132273K [0x0000000080000000, 0x0000000100000000)
  region size 1024K, 6 young (6144K), 6 survivors (6144K)
 Metaspace       used 102117K, capacity 104733K, committed 105080K, reserved 1140736K
  class space    used 13168K, capacity 14159K, committed 14284K, reserved 1048576K
}
Event: 47.632 GC heap before
{Heap before GC invocations=38 (full 0):
 garbage-first heap   total 262144K, used 226481K [0x0000000080000000, 0x0000000100000000)
  region size 1024K, 98 young (100352K), 6 survivors (6144K)
 Metaspace       used 102129K, capacity 104733K, committed 105080K, reserved 1140736K
  class space    used 13168K, capacity 14159K, committed 14284K, reserved 1048576K
}
Event: 47.640 GC heap after
{Heap after GC invocations=39 (full 0):
 garbage-first heap   total 262144K, used 133040K [0x0000000080000000, 0x0000000100000000)
  region size 1024K, 6 young (6144K), 6 survivors (6144K)
 Metaspace       used 102129K, capacity 104733K, committed 105080K, reserved 1140736K
  class space    used 13168K, capacity 14159K, committed 14284K, reserved 1048576K
}

