# JRE version: OpenJDK Runtime Environment (11.0.10) (build 11.0.10+0-b96-7249189)
# Java VM: OpenJDK 64-Bit Server VM (11.0.10+0-b96-7249189, mixed mode, tiered, compressed oops, g1 gc, windows-amd64)
Heap:
 garbage-first heap   total 759808K, used 318976K [0x0000000080000000, 0x0000000100000000)
  region size 1024K, 5 young (5120K), 5 survivors (5120K)
 Metaspace       used 118125K, capacity 121243K, committed 121344K, reserved 1155072K
  class space    used 15182K, capacity 16366K, committed 16384K, reserved 1048576K
GC Heap History (20 events):
Event: 58.409 GC heap after
{Heap after GC invocations=31 (full 0):
 garbage-first heap   total 275456K, used 225607K [0x0000000080000000, 0x0000000100000000)
  region size 1024K, 2 young (2048K), 2 survivors (2048K)
 Metaspace       used 113463K, capacity 116395K, committed 116480K, reserved 1150976K
  class space    used 14511K, capacity 15598K, committed 15616K, reserved 1048576K
}
Event: 58.425 GC heap before
{Heap before GC invocations=31 (full 0):
 garbage-first heap   total 275456K, used 225607K [0x0000000080000000, 0x0000000100000000)
  region size 1024K, 4 young (4096K), 2 survivors (2048K)
 Metaspace       used 113507K, capacity 116395K, committed 116480K, reserved 1150976K
  class space    used 14524K, capacity 15598K, committed 15616K, reserved 1048576K
}
Event: 58.433 GC heap after
{Heap after GC invocations=32 (full 0):
 garbage-first heap   total 275456K, used 226922K [0x0000000080000000, 0x0000000100000000)
  region size 1024K, 1 young (1024K), 1 survivors (1024K)
 Metaspace       used 113507K, capacity 116395K, committed 116480K, reserved 1150976K
  class space    used 14524K, capacity 15598K, committed 15616K, reserved 1048576K
}
Event: 58.539 GC heap before
{Heap before GC invocations=32 (full 0):
 garbage-first heap   total 275456K, used 242282K [0x0000000080000000, 0x0000000100000000)
  region size 1024K, 13 young (13312K), 1 survivors (1024K)
 Metaspace       used 114267K, capacity 117192K, committed 117504K, reserved 1150976K
  class space    used 14662K, capacity 15760K, committed 15872K, reserved 1048576K
}
Event: 58.553 GC heap after
{Heap after GC invocations=33 (full 0):
 garbage-first heap   total 275456K, used 235444K [0x0000000080000000, 0x0000000100000000)
  region size 1024K, 2 young (2048K), 2 survivors (2048K)
 Metaspace       used 114267K, capacity 117192K, committed 117504K, reserved 1150976K
  class space    used 14662K, capacity 15760K, committed 15872K, reserved 1048576K
}
Event: 58.633 GC heap before
{Heap before GC invocations=33 (full 0):
 garbage-first heap   total 275456K, used 246708K [0x0000000080000000, 0x0000000100000000)
  region size 1024K, 13 young (13312K), 2 survivors (2048K)
 Metaspace       used 114681K, capacity 117626K, committed 117760K, reserved 1150976K
  class space    used 14724K, capacity 15841K, committed 15872K, reserved 1048576K
}
Event: 58.652 GC heap after
{Heap after GC invocations=34 (full 0):
 garbage-first heap   total 275456K, used 239301K [0x0000000080000000, 0x0000000100000000)
  region size 1024K, 2 young (2048K), 2 survivors (2048K)
 Metaspace       used 114681K, capacity 117626K, committed 117760K, reserved 1150976K
  class space    used 14724K, capacity 15841K, committed 15872K, reserved 1048576K
}
Event: 58.735 GC heap before
{Heap before GC invocations=34 (full 0):
 garbage-first heap   total 275456K, used 251589K [0x0000000080000000, 0x0000000100000000)
  region size 1024K, 13 young (13312K), 2 survivors (2048K)
 Metaspace       used 115272K, capacity 118389K, committed 118528K, reserved 1150976K
  class space    used 14842K, capacity 16012K, committed 16128K, reserved 1048576K
}
Event: 58.749 GC heap after
{Heap after GC invocations=35 (full 0):
 garbage-first heap   total 275456K, used 244544K [0x0000000080000000, 0x0000000100000000)
  region size 1024K, 2 young (2048K), 2 survivors (2048K)
 Metaspace       used 115272K, capacity 118389K, committed 118528K, reserved 1150976K
  class space    used 14842K, capacity 16012K, committed 16128K, reserved 1048576K
}
Event: 59.188 GC heap before
{Heap before GC invocations=36 (full 0):
 garbage-first heap   total 275456K, used 254783K [0x0000000080000000, 0x0000000100000000)
  region size 1024K, 13 young (13312K), 2 survivors (2048K)
 Metaspace       used 116886K, capacity 119963K, committed 120064K, reserved 1153024K
  class space    used 15148K, capacity 16318K, committed 16384K, reserved 1048576K
}
Event: 59.200 GC heap after
{Heap after GC invocations=37 (full 0):
 garbage-first heap   total 275456K, used 246784K [0x0000000080000000, 0x0000000100000000)
  region size 1024K, 2 young (2048K), 2 survivors (2048K)
 Metaspace       used 116886K, capacity 119963K, committed 120064K, reserved 1153024K
  class space    used 15148K, capacity 16318K, committed 16384K, reserved 1048576K
}
Event: 59.302 GC heap before
{Heap before GC invocations=37 (full 0):
 garbage-first heap   total 275456K, used 257024K [0x0000000080000000, 0x0000000100000000)
  region size 1024K, 13 young (13312K), 2 survivors (2048K)
 Metaspace       used 117033K, capacity 120099K, committed 120320K, reserved 1153024K
  class space    used 15149K, capacity 16318K, committed 16384K, reserved 1048576K
}
Event: 59.319 GC heap after
{Heap after GC invocations=38 (full 0):
 garbage-first heap   total 424960K, used 248580K [0x0000000080000000, 0x0000000100000000)
  region size 1024K, 2 young (2048K), 2 survivors (2048K)
 Metaspace       used 117033K, capacity 120099K, committed 120320K, reserved 1153024K
  class space    used 15149K, capacity 16318K, committed 16384K, reserved 1048576K
}
Event: 59.874 GC heap before
{Heap before GC invocations=38 (full 0):
 garbage-first heap   total 424960K, used 294660K [0x0000000080000000, 0x0000000100000000)
  region size 1024K, 48 young (49152K), 2 survivors (2048K)
 Metaspace       used 117378K, capacity 120451K, committed 120576K, reserved 1153024K
  class space    used 15154K, capacity 16324K, committed 16384K, reserved 1048576K
}
Event: 59.898 GC heap after
{Heap after GC invocations=39 (full 0):
 garbage-first heap   total 424960K, used 270270K [0x0000000080000000, 0x0000000100000000)
  region size 1024K, 6 young (6144K), 6 survivors (6144K)
 Metaspace       used 117378K, capacity 120451K, committed 120576K, reserved 1153024K
  class space    used 15154K, capacity 16324K, committed 16384K, reserved 1048576K
}
Event: 60.615 GC heap before
{Heap before GC invocations=39 (full 0):
 garbage-first heap   total 424960K, used 310206K [0x0000000080000000, 0x0000000100000000)
  region size 1024K, 47 young (48128K), 6 survivors (6144K)
 Metaspace       used 117483K, capacity 120589K, committed 120832K, reserved 1153024K
  class space    used 15157K, capacity 16326K, committed 16384K, reserved 1048576K
}
Event: 60.647 GC heap after
{Heap after GC invocations=40 (full 0):
 garbage-first heap   total 424960K, used 287232K [0x0000000080000000, 0x0000000100000000)
  region size 1024K, 6 young (6144K), 6 survivors (6144K)
 Metaspace       used 117483K, capacity 120589K, committed 120832K, reserved 1153024K
  class space    used 15157K, capacity 16326K, committed 16384K, reserved 1048576K
}
Event: 60.893 GC heap before
{Heap before GC invocations=41 (full 0):
 garbage-first heap   total 424960K, used 324096K [0x0000000080000000, 0x0000000100000000)
  region size 1024K, 43 young (44032K), 6 survivors (6144K)
 Metaspace       used 117706K, capacity 120812K, committed 121088K, reserved 1155072K
  class space    used 15162K, capacity 16334K, committed 16384K, reserved 1048576K
}
Event: 60.925 GC heap after
{Heap after GC invocations=42 (full 0):
 garbage-first heap   total 424960K, used 304640K [0x0000000080000000, 0x0000000100000000)
  region size 1024K, 6 young (6144K), 6 survivors (6144K)
 Metaspace       used 117706K, capacity 120812K, committed 121088K, reserved 1155072K
  class space    used 15162K, capacity 16334K, committed 16384K, reserved 1048576K
}
Event: 61.281 GC heap before
{Heap before GC invocations=42 (full 0):
 garbage-first heap   total 424960K, used 337408K [0x0000000080000000, 0x0000000100000000)
  region size 1024K, 38 young (38912K), 6 survivors (6144K)
 Metaspace       used 118125K, capacity 121243K, committed 121344K, reserved 1155072K
  class space    used 15182K, capacity 16366K, committed 16384K, reserved 1048576K
}

