# JRE version: OpenJDK Runtime Environment (11.0.10) (build 11.0.10+0-b96-7249189)
# Java VM: OpenJDK 64-Bit Server VM (11.0.10+0-b96-7249189, mixed mode, tiered, compressed oops, g1 gc, windows-amd64)
Heap:
 garbage-first heap   total 315392K, used 82219K [0x0000000701000000, 0x0000000800000000)
  region size 1024K, 41 young (41984K), 11 survivors (11264K)
 Metaspace       used 59116K, capacity 59861K, committed 60032K, reserved 1101824K
  class space    used 6701K, capacity 7000K, committed 7040K, reserved 1048576K
GC Heap History (14 events):
Event: 0.633 GC heap before
{Heap before GC invocations=0 (full 0):
 garbage-first heap   total 262144K, used 17408K [0x0000000701000000, 0x0000000800000000)
  region size 1024K, 14 young (14336K), 0 survivors (0K)
 Metaspace       used 9767K, capacity 9871K, committed 10112K, reserved 1058816K
  class space    used 827K, capacity 884K, committed 896K, reserved 1048576K
}
Event: 0.635 GC heap after
{Heap after GC invocations=1 (full 0):
 garbage-first heap   total 262144K, used 5188K [0x0000000701000000, 0x0000000800000000)
  region size 1024K, 2 young (2048K), 2 survivors (2048K)
 Metaspace       used 9767K, capacity 9871K, committed 10112K, reserved 1058816K
  class space    used 827K, capacity 884K, committed 896K, reserved 1048576K
}
Event: 2.393 GC heap before
{Heap before GC invocations=1 (full 0):
 garbage-first heap   total 262144K, used 51268K [0x0000000701000000, 0x0000000800000000)
  region size 1024K, 48 young (49152K), 2 survivors (2048K)
 Metaspace       used 20970K, capacity 21163K, committed 21248K, reserved 1069056K
  class space    used 2199K, capacity 2262K, committed 2304K, reserved 1048576K
}
Event: 2.407 GC heap after
{Heap after GC invocations=2 (full 0):
 garbage-first heap   total 262144K, used 9608K [0x0000000701000000, 0x0000000800000000)
  region size 1024K, 7 young (7168K), 7 survivors (7168K)
 Metaspace       used 20970K, capacity 21163K, committed 21248K, reserved 1069056K
  class space    used 2199K, capacity 2262K, committed 2304K, reserved 1048576K
}
Event: 3.653 GC heap before
{Heap before GC invocations=3 (full 0):
 garbage-first heap   total 262144K, used 66952K [0x0000000701000000, 0x0000000800000000)
  region size 1024K, 56 young (57344K), 7 survivors (7168K)
 Metaspace       used 30469K, capacity 31002K, committed 31232K, reserved 1077248K
  class space    used 3569K, capacity 3745K, committed 3840K, reserved 1048576K
}
Event: 3.668 GC heap after
{Heap after GC invocations=4 (full 0):
 garbage-first heap   total 262144K, used 24857K [0x0000000701000000, 0x0000000800000000)
  region size 1024K, 7 young (7168K), 7 survivors (7168K)
 Metaspace       used 30469K, capacity 31002K, committed 31232K, reserved 1077248K
  class space    used 3569K, capacity 3745K, committed 3840K, reserved 1048576K
}
Event: 4.187 GC heap before
{Heap before GC invocations=4 (full 0):
 garbage-first heap   total 262144K, used 58649K [0x0000000701000000, 0x0000000800000000)
  region size 1024K, 37 young (37888K), 7 survivors (7168K)
 Metaspace       used 35205K, capacity 35671K, committed 35840K, reserved 1081344K
  class space    used 4093K, capacity 4296K, committed 4352K, reserved 1048576K
}
Event: 4.206 GC heap after
{Heap after GC invocations=5 (full 0):
 garbage-first heap   total 262144K, used 25600K [0x0000000701000000, 0x0000000800000000)
  region size 1024K, 3 young (3072K), 3 survivors (3072K)
 Metaspace       used 35205K, capacity 35671K, committed 35840K, reserved 1081344K
  class space    used 4093K, capacity 4296K, committed 4352K, reserved 1048576K
}
Event: 5.262 GC heap before
{Heap before GC invocations=6 (full 0):
 garbage-first heap   total 262144K, used 82944K [0x0000000701000000, 0x0000000800000000)
  region size 1024K, 57 young (58368K), 3 survivors (3072K)
 Metaspace       used 46951K, capacity 47503K, committed 47744K, reserved 1091584K
  class space    used 5515K, capacity 5695K, committed 5760K, reserved 1048576K
}
Event: 5.277 GC heap after
{Heap after GC invocations=7 (full 0):
 garbage-first heap   total 262144K, used 33353K [0x0000000701000000, 0x0000000800000000)
  region size 1024K, 8 young (8192K), 8 survivors (8192K)
 Metaspace       used 46951K, capacity 47503K, committed 47744K, reserved 1091584K
  class space    used 5515K, capacity 5695K, committed 5760K, reserved 1048576K
}
Event: 6.456 GC heap before
{Heap before GC invocations=8 (full 0):
 garbage-first heap   total 262144K, used 97865K [0x0000000701000000, 0x0000000800000000)
  region size 1024K, 70 young (71680K), 8 survivors (8192K)
 Metaspace       used 50806K, capacity 51406K, committed 51712K, reserved 1095680K
  class space    used 5850K, capacity 6069K, committed 6144K, reserved 1048576K
}
Event: 6.472 GC heap after
{Heap after GC invocations=9 (full 0):
 garbage-first heap   total 315392K, used 41469K [0x0000000701000000, 0x0000000800000000)
  region size 1024K, 8 young (8192K), 8 survivors (8192K)
 Metaspace       used 50806K, capacity 51406K, committed 51712K, reserved 1095680K
  class space    used 5850K, capacity 6069K, committed 6144K, reserved 1048576K
}
Event: 8.871 GC heap before
{Heap before GC invocations=9 (full 0):
 garbage-first heap   total 315392K, used 121341K [0x0000000701000000, 0x0000000800000000)
  region size 1024K, 86 young (88064K), 8 survivors (8192K)
 Metaspace       used 56164K, capacity 56875K, committed 56960K, reserved 1099776K
  class space    used 6411K, capacity 6715K, committed 6784K, reserved 1048576K
}
Event: 8.890 GC heap after
{Heap after GC invocations=10 (full 0):
 garbage-first heap   total 315392K, used 52523K [0x0000000701000000, 0x0000000800000000)
  region size 1024K, 11 young (11264K), 11 survivors (11264K)
 Metaspace       used 56164K, capacity 56875K, committed 56960K, reserved 1099776K
  class space    used 6411K, capacity 6715K, committed 6784K, reserved 1048576K
}

